WARNING:fake_useragent:Error occurred during loading data. Trying to use cache server https://fake-useragent.herokuapp.com/browsers/0.1.11
Traceback (most recent call last):
  File "C:\Program Files\WindowsApps\PythonSoftwareFoundation.Python.3.8_3.8.1520.0_x64__qbz5n2kfra8p0\lib\urllib\request.py", line 1350, in do_open
    h.request(req.get_method(), req.selector, req.data, headers,
  File "C:\Program Files\WindowsApps\PythonSoftwareFoundation.Python.3.8_3.8.1520.0_x64__qbz5n2kfra8p0\lib\http\client.py", line 1255, in request
    self._send_request(method, url, body, headers, encode_chunked)
  File "C:\Program Files\WindowsApps\PythonSoftwareFoundation.Python.3.8_3.8.1520.0_x64__qbz5n2kfra8p0\lib\http\client.py", line 1301, in _send_request
    self.endheaders(body, encode_chunked=encode_chunked)
  File "C:\Program Files\WindowsApps\PythonSoftwareFoundation.Python.3.8_3.8.1520.0_x64__qbz5n2kfra8p0\lib\http\client.py", line 1250, in endheaders
    self._send_output(message_body, encode_chunked=encode_chunked)
  File "C:\Program Files\WindowsApps\PythonSoftwareFoundation.Python.3.8_3.8.1520.0_x64__qbz5n2kfra8p0\lib\http\client.py", line 1010, in _send_output
    self.send(msg)
  File "C:\Program Files\WindowsApps\PythonSoftwareFoundation.Python.3.8_3.8.1520.0_x64__qbz5n2kfra8p0\lib\http\client.py", line 950, in send
    self.connect()
  File "C:\Program Files\WindowsApps\PythonSoftwareFoundation.Python.3.8_3.8.1520.0_x64__qbz5n2kfra8p0\lib\http\client.py", line 1424, in connect
    self.sock = self._context.wrap_socket(self.sock,
  File "C:\Program Files\WindowsApps\PythonSoftwareFoundation.Python.3.8_3.8.1520.0_x64__qbz5n2kfra8p0\lib\ssl.py", line 500, in wrap_socket
    return self.sslsocket_class._create(
  File "C:\Program Files\WindowsApps\PythonSoftwareFoundation.Python.3.8_3.8.1520.0_x64__qbz5n2kfra8p0\lib\ssl.py", line 1040, in _create
    self.do_handshake()
  File "C:\Program Files\WindowsApps\PythonSoftwareFoundation.Python.3.8_3.8.1520.0_x64__qbz5n2kfra8p0\lib\ssl.py", line 1309, in do_handshake
    self._sslobj.do_handshake()
socket.timeout: _ssl.c:1106: The handshake operation timed out

During handling of the above exception, another exception occurred:

Traceback (most recent call last):
  File "C:\Users\Mashcom\AppData\Local\Packages\PythonSoftwareFoundation.Python.3.8_qbz5n2kfra8p0\LocalCache\local-packages\Python38\site-packages\fake_useragent\utils.py", line 64, in get
    with contextlib.closing(urlopen(
  File "C:\Program Files\WindowsApps\PythonSoftwareFoundation.Python.3.8_3.8.1520.0_x64__qbz5n2kfra8p0\lib\urllib\request.py", line 222, in urlopen
    return opener.open(url, data, timeout)
  File "C:\Program Files\WindowsApps\PythonSoftwareFoundation.Python.3.8_3.8.1520.0_x64__qbz5n2kfra8p0\lib\urllib\request.py", line 525, in open
    response = self._open(req, data)
  File "C:\Program Files\WindowsApps\PythonSoftwareFoundation.Python.3.8_3.8.1520.0_x64__qbz5n2kfra8p0\lib\urllib\request.py", line 542, in _open
    result = self._call_chain(self.handle_open, protocol, protocol +
  File "C:\Program Files\WindowsApps\PythonSoftwareFoundation.Python.3.8_3.8.1520.0_x64__qbz5n2kfra8p0\lib\urllib\request.py", line 502, in _call_chain
    result = func(*args)
  File "C:\Program Files\WindowsApps\PythonSoftwareFoundation.Python.3.8_3.8.1520.0_x64__qbz5n2kfra8p0\lib\urllib\request.py", line 1393, in https_open
    return self.do_open(http.client.HTTPSConnection, req,
  File "C:\Program Files\WindowsApps\PythonSoftwareFoundation.Python.3.8_3.8.1520.0_x64__qbz5n2kfra8p0\lib\urllib\request.py", line 1353, in do_open
    raise URLError(err)
urllib.error.URLError: <urlopen error _ssl.c:1106: The handshake operation timed out>

During handling of the above exception, another exception occurred:

Traceback (most recent call last):
  File "C:\Users\Mashcom\AppData\Local\Packages\PythonSoftwareFoundation.Python.3.8_qbz5n2kfra8p0\LocalCache\local-packages\Python38\site-packages\fake_useragent\utils.py", line 154, in load
    for item in get_browsers(verify_ssl=verify_ssl):
  File "C:\Users\Mashcom\AppData\Local\Packages\PythonSoftwareFoundation.Python.3.8_qbz5n2kfra8p0\LocalCache\local-packages\Python38\site-packages\fake_useragent\utils.py", line 97, in get_browsers
    html = get(settings.BROWSERS_STATS_PAGE, verify_ssl=verify_ssl)
  File "C:\Users\Mashcom\AppData\Local\Packages\PythonSoftwareFoundation.Python.3.8_qbz5n2kfra8p0\LocalCache\local-packages\Python38\site-packages\fake_useragent\utils.py", line 84, in get
    raise FakeUserAgentError('Maximum amount of retries reached')
fake_useragent.errors.FakeUserAgentError: Maximum amount of retries reached
INFO:scholarly:Getting https://scholar.google.com/citations?hl=en&view_op=search_authors&mauthors=Steven%20A.%20Cholewiak
INFO:scholarly:Found 1 authors
INFO:scholarly:Getting https://scholar.google.com/citations?hl=en&view_op=search_authors&mauthors=Steven%20A%20Cholewiak
INFO:scholarly:Found 1 authors
INFO:scholarly:Getting https://scholar.google.com/citations?hl=en&user=4bahYMkAAAAJ&pagesize=100
INFO:scholarly:Getting https://scholar.google.com/citations?hl=en&view_op=view_citation&citation_for_view=4bahYMkAAAAJ:u5HHmVD_uO8C
INFO:scholarly:Getting https://scholar.google.com/scholar?cites=18104797610932568627
INFO:scholarly:Getting https://scholar.google.com/scholar?start=10&hl=en&as_sdt=0,5&sciodt=0,5&cites=18104797610932568627&scipsc=
INFO:scholarly:Getting https://scholar.google.com/scholar?start=20&hl=en&as_sdt=0,5&sciodt=0,5&cites=18104797610932568627&scipsc=
INFO:scholarly:Getting https://scholar.google.com/scholar?start=30&hl=en&as_sdt=0,5&sciodt=0,5&cites=18104797610932568627&scipsc=
INFO:scholarly:Getting https://scholar.google.com/scholar?start=40&hl=en&as_sdt=0,5&sciodt=0,5&cites=18104797610932568627&scipsc=
INFO:scholarly:Getting https://scholar.google.com/citations?hl=en&view_op=search_authors&mauthors=Professor%20Mambo%20Moyo
INFO:scholarly:Found 1 authors
INFO:scholarly:Getting https://scholar.google.com/citations?hl=en&user=CAKhjGQAAAAJ&pagesize=100
INFO:scholarly:Getting https://scholar.google.com/citations?hl=en&view_op=view_citation&citation_for_view=CAKhjGQAAAAJ:RYcK_YlVTxYC
INFO:scholarly:Getting https://scholar.google.com/scholar?cites=13258727072313144665
INFO:scholarly:Getting https://scholar.google.com/scholar?start=10&hl=en&as_sdt=0,5&sciodt=0,5&cites=13258727072313144665&scipsc=
INFO:scholarly:Exception ConnectionError while fetching page: (ReadTimeoutError("HTTPSConnectionPool(host='scholar.google.com', port=443): Read timed out."),)
INFO:scholarly:Retrying with a new session.
INFO:scholarly:Getting https://scholar.google.com/scholar?start=20&hl=en&as_sdt=0,5&sciodt=0,5&cites=13258727072313144665&scipsc=
INFO:scholarly:Getting https://scholar.google.com/scholar?start=30&hl=en&as_sdt=0,5&sciodt=0,5&cites=13258727072313144665&scipsc=
INFO:scholarly:Getting https://scholar.google.com/scholar?start=40&hl=en&as_sdt=0,5&sciodt=0,5&cites=13258727072313144665&scipsc=
INFO:scholarly:Getting https://scholar.google.com/scholar?start=50&hl=en&as_sdt=0,5&sciodt=0,5&cites=13258727072313144665&scipsc=
INFO:scholarly:Getting https://scholar.google.com/scholar?start=60&hl=en&as_sdt=0,5&sciodt=0,5&cites=13258727072313144665&scipsc=
INFO:scholarly:Getting https://scholar.google.com/scholar?start=70&hl=en&as_sdt=0,5&sciodt=0,5&cites=13258727072313144665&scipsc=
INFO:scholarly:Getting https://scholar.google.com/scholar?start=80&hl=en&as_sdt=0,5&sciodt=0,5&cites=13258727072313144665&scipsc=
INFO:scholarly:Getting https://scholar.google.com/scholar?start=90&hl=en&as_sdt=0,5&sciodt=0,5&cites=13258727072313144665&scipsc=
INFO:scholarly:Getting https://scholar.google.com/scholar?start=100&hl=en&as_sdt=0,5&sciodt=0,5&cites=13258727072313144665&scipsc=
INFO:scholarly:Getting https://scholar.google.com/scholar?start=110&hl=en&as_sdt=0,5&sciodt=0,5&cites=13258727072313144665&scipsc=
INFO:scholarly:Getting https://scholar.google.com/citations?hl=en&user=CAKhjGQAAAAJ&pagesize=100
INFO:scholarly:Getting https://scholar.google.com/citations?hl=en&user=9cb-FrYAAAAJ&pagesize=100
INFO:scholarly:Getting https://scholar.google.com/citations?hl=en&user=VaCy7gMAAAAJ&pagesize=100
INFO:scholarly:Getting https://scholar.google.com/citations?hl=en&user=ZY4PL-MAAAAJ&pagesize=100
INFO:scholarly:Getting https://scholar.google.com/citations?hl=en&user=4nHDHMAAAAAJ&pagesize=100
INFO:scholarly:Getting https://scholar.google.com/citations?hl=en&user=eFbLBBkAAAAJ&pagesize=100
INFO:scholarly:Getting https://scholar.google.com/citations?hl=en&user=1vw8M4wAAAAJ&pagesize=100
INFO:scholarly:Getting https://scholar.google.com/citations?hl=en&user=J0ODNCYAAAAJ&pagesize=100
INFO:scholarly:Getting https://scholar.google.com/citations?hl=en&user=jIaZ9PsAAAAJ&pagesize=100
INFO:scholarly:Getting https://scholar.google.com/citations?hl=en&user=2-kA8-EAAAAJ&pagesize=100
INFO:scholarly:Getting https://scholar.google.com/citations?hl=en&user=CAKhjGQAAAAJ&pagesize=100
INFO:scholarly:Getting https://scholar.google.com/citations?hl=en&user=9cb-FrYAAAAJ&pagesize=100
INFO:scholarly:Getting https://scholar.google.com/citations?hl=en&user=VaCy7gMAAAAJ&pagesize=100
INFO:scholarly:Getting https://scholar.google.com/citations?hl=en&user=ZY4PL-MAAAAJ&pagesize=100
INFO:scholarly:Getting https://scholar.google.com/citations?hl=en&user=4nHDHMAAAAAJ&pagesize=100
INFO:scholarly:Getting https://scholar.google.com/citations?hl=en&user=eFbLBBkAAAAJ&pagesize=100
INFO:scholarly:Getting https://scholar.google.com/citations?hl=en&user=1vw8M4wAAAAJ&pagesize=100
INFO:scholarly:Getting https://scholar.google.com/citations?hl=en&user=J0ODNCYAAAAJ&pagesize=100
INFO:scholarly:Getting https://scholar.google.com/citations?hl=en&user=jIaZ9PsAAAAJ&pagesize=100
INFO:scholarly:Getting https://scholar.google.com/citations?hl=en&user=2-kA8-EAAAAJ&pagesize=100
INFO:scholarly:Getting https://scholar.google.com/citations?hl=en&user=CAKhjGQAAAAJ&pagesize=100
INFO:scholarly:Getting https://scholar.google.com/citations?hl=en&user=9cb-FrYAAAAJ&pagesize=100
INFO:scholarly:Getting https://scholar.google.com/citations?hl=en&user=VaCy7gMAAAAJ&pagesize=100
INFO:scholarly:Getting https://scholar.google.com/citations?hl=en&user=ZY4PL-MAAAAJ&pagesize=100
INFO:scholarly:Getting https://scholar.google.com/citations?hl=en&user=4nHDHMAAAAAJ&pagesize=100
INFO:scholarly:Getting https://scholar.google.com/citations?hl=en&user=eFbLBBkAAAAJ&pagesize=100
INFO:scholarly:Getting https://scholar.google.com/citations?hl=en&user=1vw8M4wAAAAJ&pagesize=100
INFO:scholarly:Getting https://scholar.google.com/citations?hl=en&user=J0ODNCYAAAAJ&pagesize=100
INFO:scholarly:Getting https://scholar.google.com/citations?hl=en&user=jIaZ9PsAAAAJ&pagesize=100
INFO:scholarly:Getting https://scholar.google.com/citations?hl=en&user=2-kA8-EAAAAJ&pagesize=100
INFO:scholarly:Getting https://scholar.google.com/citations?hl=en&user=CAKhjGQAAAAJ&pagesize=100
INFO:scholarly:Getting https://scholar.google.com/citations?hl=en&user=9cb-FrYAAAAJ&pagesize=100
INFO:scholarly:Getting https://scholar.google.com/citations?hl=en&user=VaCy7gMAAAAJ&pagesize=100
INFO:scholarly:Getting https://scholar.google.com/citations?hl=en&user=ZY4PL-MAAAAJ&pagesize=100
INFO:scholarly:Getting https://scholar.google.com/citations?hl=en&user=4nHDHMAAAAAJ&pagesize=100
INFO:scholarly:Getting https://scholar.google.com/citations?hl=en&user=eFbLBBkAAAAJ&pagesize=100
INFO:scholarly:Getting https://scholar.google.com/citations?hl=en&user=1vw8M4wAAAAJ&pagesize=100
INFO:scholarly:Getting https://scholar.google.com/citations?hl=en&user=J0ODNCYAAAAJ&pagesize=100
INFO:scholarly:Getting https://scholar.google.com/citations?hl=en&user=jIaZ9PsAAAAJ&pagesize=100
INFO:scholarly:Getting https://scholar.google.com/citations?hl=en&user=2-kA8-EAAAAJ&pagesize=100
INFO:scholarly:Getting https://scholar.google.com/citations?hl=en&user=CAKhjGQAAAAJ&pagesize=100
INFO:scholarly:Getting https://scholar.google.com/citations?hl=en&user=9cb-FrYAAAAJ&pagesize=100
INFO:scholarly:Getting https://scholar.google.com/citations?hl=en&user=VaCy7gMAAAAJ&pagesize=100
INFO:scholarly:Getting https://scholar.google.com/citations?hl=en&user=ZY4PL-MAAAAJ&pagesize=100
INFO:scholarly:Getting https://scholar.google.com/citations?hl=en&user=4nHDHMAAAAAJ&pagesize=100
INFO:scholarly:Getting https://scholar.google.com/citations?hl=en&user=eFbLBBkAAAAJ&pagesize=100
INFO:scholarly:Getting https://scholar.google.com/citations?hl=en&user=1vw8M4wAAAAJ&pagesize=100
INFO:scholarly:Getting https://scholar.google.com/citations?hl=en&user=J0ODNCYAAAAJ&pagesize=100
INFO:scholarly:Getting https://scholar.google.com/citations?hl=en&user=jIaZ9PsAAAAJ&pagesize=100
INFO:scholarly:Getting https://scholar.google.com/citations?hl=en&user=2-kA8-EAAAAJ&pagesize=100
INFO:scholarly:Getting https://scholar.google.com/citations?hl=en&user=CAKhjGQAAAAJ&pagesize=100
INFO:scholarly:Getting https://scholar.google.com/citations?hl=en&user=9cb-FrYAAAAJ&pagesize=100
INFO:scholarly:Getting https://scholar.google.com/citations?hl=en&user=VaCy7gMAAAAJ&pagesize=100
INFO:scholarly:Getting https://scholar.google.com/citations?hl=en&user=ZY4PL-MAAAAJ&pagesize=100
INFO:scholarly:Getting https://scholar.google.com/citations?hl=en&user=4nHDHMAAAAAJ&pagesize=100
INFO:scholarly:Getting https://scholar.google.com/citations?hl=en&user=eFbLBBkAAAAJ&pagesize=100
INFO:scholarly:Exception ConnectionError while fetching page: (ReadTimeoutError("HTTPSConnectionPool(host='scholar.google.com', port=443): Read timed out."),)
INFO:scholarly:Retrying with a new session.
INFO:scholarly:Getting https://scholar.google.com/citations?hl=en&user=1vw8M4wAAAAJ&pagesize=100
INFO:scholarly:Getting https://scholar.google.com/citations?hl=en&user=J0ODNCYAAAAJ&pagesize=100
INFO:scholarly:Exception ConnectionError while fetching page: (ReadTimeoutError("HTTPSConnectionPool(host='scholar.google.com', port=443): Read timed out."),)
INFO:scholarly:Retrying with a new session.
INFO:scholarly:Getting https://scholar.google.com/citations?hl=en&user=jIaZ9PsAAAAJ&pagesize=100
INFO:scholarly:Getting https://scholar.google.com/citations?hl=en&user=2-kA8-EAAAAJ&pagesize=100
INFO:scholarly:Getting https://scholar.google.com/citations?hl=en&user=CAKhjGQAAAAJ&pagesize=100
INFO:scholarly:Getting https://scholar.google.com/citations?hl=en&user=9cb-FrYAAAAJ&pagesize=100
INFO:scholarly:Getting https://scholar.google.com/citations?hl=en&user=VaCy7gMAAAAJ&pagesize=100
INFO:scholarly:Getting https://scholar.google.com/citations?hl=en&user=ZY4PL-MAAAAJ&pagesize=100
INFO:scholarly:Getting https://scholar.google.com/citations?hl=en&user=4nHDHMAAAAAJ&pagesize=100
INFO:scholarly:Getting https://scholar.google.com/citations?hl=en&user=eFbLBBkAAAAJ&pagesize=100
INFO:scholarly:Getting https://scholar.google.com/citations?hl=en&user=1vw8M4wAAAAJ&pagesize=100
INFO:scholarly:Getting https://scholar.google.com/citations?hl=en&user=J0ODNCYAAAAJ&pagesize=100
INFO:scholarly:Getting https://scholar.google.com/citations?hl=en&user=jIaZ9PsAAAAJ&pagesize=100
INFO:scholarly:Getting https://scholar.google.com/citations?hl=en&user=2-kA8-EAAAAJ&pagesize=100
INFO:scholarly:Getting https://scholar.google.com/citations?hl=en&user=CAKhjGQAAAAJ&pagesize=100
INFO:scholarly:Getting https://scholar.google.com/citations?hl=en&user=9cb-FrYAAAAJ&pagesize=100
INFO:scholarly:Getting https://scholar.google.com/citations?hl=en&user=VaCy7gMAAAAJ&pagesize=100
INFO:scholarly:Getting https://scholar.google.com/citations?hl=en&user=ZY4PL-MAAAAJ&pagesize=100
INFO:scholarly:Getting https://scholar.google.com/citations?hl=en&user=4nHDHMAAAAAJ&pagesize=100
INFO:scholarly:Getting https://scholar.google.com/citations?hl=en&user=eFbLBBkAAAAJ&pagesize=100
INFO:scholarly:Getting https://scholar.google.com/citations?hl=en&user=1vw8M4wAAAAJ&pagesize=100
INFO:scholarly:Getting https://scholar.google.com/citations?hl=en&user=J0ODNCYAAAAJ&pagesize=100
INFO:scholarly:Getting https://scholar.google.com/citations?hl=en&user=jIaZ9PsAAAAJ&pagesize=100
INFO:scholarly:Getting https://scholar.google.com/citations?hl=en&user=2-kA8-EAAAAJ&pagesize=100
INFO:scholarly:Getting https://scholar.google.com/citations?hl=en&user=CAKhjGQAAAAJ&pagesize=100
INFO:scholarly:Getting https://scholar.google.com/citations?hl=en&user=9cb-FrYAAAAJ&pagesize=100
INFO:scholarly:Getting https://scholar.google.com/citations?hl=en&user=VaCy7gMAAAAJ&pagesize=100
INFO:scholarly:Getting https://scholar.google.com/citations?hl=en&user=ZY4PL-MAAAAJ&pagesize=100
INFO:scholarly:Getting https://scholar.google.com/citations?hl=en&user=4nHDHMAAAAAJ&pagesize=100
INFO:scholarly:Getting https://scholar.google.com/citations?hl=en&user=eFbLBBkAAAAJ&pagesize=100
INFO:scholarly:Getting https://scholar.google.com/citations?hl=en&user=1vw8M4wAAAAJ&pagesize=100
INFO:scholarly:Getting https://scholar.google.com/citations?hl=en&user=J0ODNCYAAAAJ&pagesize=100
INFO:scholarly:Getting https://scholar.google.com/citations?hl=en&user=jIaZ9PsAAAAJ&pagesize=100
INFO:scholarly:Getting https://scholar.google.com/citations?hl=en&user=2-kA8-EAAAAJ&pagesize=100
INFO:scholarly:Getting https://scholar.google.com/citations?hl=en&user=CAKhjGQAAAAJ&pagesize=100
INFO:scholarly:Getting https://scholar.google.com/citations?hl=en&user=9cb-FrYAAAAJ&pagesize=100
INFO:scholarly:Getting https://scholar.google.com/citations?hl=en&user=VaCy7gMAAAAJ&pagesize=100
INFO:scholarly:Getting https://scholar.google.com/citations?hl=en&user=ZY4PL-MAAAAJ&pagesize=100
INFO:scholarly:Getting https://scholar.google.com/citations?hl=en&user=4nHDHMAAAAAJ&pagesize=100
INFO:scholarly:Getting https://scholar.google.com/citations?hl=en&user=eFbLBBkAAAAJ&pagesize=100
INFO:scholarly:Getting https://scholar.google.com/citations?hl=en&user=1vw8M4wAAAAJ&pagesize=100
INFO:scholarly:Getting https://scholar.google.com/citations?hl=en&user=J0ODNCYAAAAJ&pagesize=100
INFO:scholarly:Getting https://scholar.google.com/citations?hl=en&user=jIaZ9PsAAAAJ&pagesize=100
INFO:scholarly:Getting https://scholar.google.com/citations?hl=en&user=2-kA8-EAAAAJ&pagesize=100
INFO:scholarly:Getting https://scholar.google.com/citations?hl=en&user=CAKhjGQAAAAJ&pagesize=100
INFO:scholarly:Getting https://scholar.google.com/citations?hl=en&user=9cb-FrYAAAAJ&pagesize=100
INFO:scholarly:Getting https://scholar.google.com/citations?hl=en&user=VaCy7gMAAAAJ&pagesize=100
INFO:scholarly:Getting https://scholar.google.com/citations?hl=en&user=ZY4PL-MAAAAJ&pagesize=100
INFO:scholarly:Getting https://scholar.google.com/citations?hl=en&user=4nHDHMAAAAAJ&pagesize=100
INFO:scholarly:Getting https://scholar.google.com/citations?hl=en&user=eFbLBBkAAAAJ&pagesize=100
INFO:scholarly:Getting https://scholar.google.com/citations?hl=en&user=1vw8M4wAAAAJ&pagesize=100
INFO:scholarly:Getting https://scholar.google.com/citations?hl=en&user=J0ODNCYAAAAJ&pagesize=100
INFO:scholarly:Getting https://scholar.google.com/citations?hl=en&user=jIaZ9PsAAAAJ&pagesize=100
INFO:scholarly:Getting https://scholar.google.com/citations?hl=en&user=2-kA8-EAAAAJ&pagesize=100
INFO:scholarly:Getting https://scholar.google.com/citations?hl=en&user=CAKhjGQAAAAJ&pagesize=100
INFO:scholarly:Getting https://scholar.google.com/citations?hl=en&user=9cb-FrYAAAAJ&pagesize=100
INFO:scholarly:Exception ConnectionError while fetching page: (ReadTimeoutError("HTTPSConnectionPool(host='scholar.google.com', port=443): Read timed out."),)
INFO:scholarly:Retrying with a new session.
INFO:scholarly:Getting https://scholar.google.com/citations?hl=en&user=VaCy7gMAAAAJ&pagesize=100
INFO:scholarly:Getting https://scholar.google.com/citations?hl=en&user=ZY4PL-MAAAAJ&pagesize=100
INFO:scholarly:Getting https://scholar.google.com/citations?hl=en&user=4nHDHMAAAAAJ&pagesize=100
INFO:scholarly:Getting https://scholar.google.com/citations?hl=en&user=eFbLBBkAAAAJ&pagesize=100
INFO:scholarly:Getting https://scholar.google.com/citations?hl=en&user=1vw8M4wAAAAJ&pagesize=100
INFO:scholarly:Getting https://scholar.google.com/citations?hl=en&user=J0ODNCYAAAAJ&pagesize=100
INFO:scholarly:Getting https://scholar.google.com/citations?hl=en&user=jIaZ9PsAAAAJ&pagesize=100
INFO:scholarly:Getting https://scholar.google.com/citations?hl=en&user=2-kA8-EAAAAJ&pagesize=100
INFO:scholarly:Getting https://scholar.google.com/citations?hl=en&user=CAKhjGQAAAAJ&pagesize=100
INFO:scholarly:Getting https://scholar.google.com/citations?hl=en&user=9cb-FrYAAAAJ&pagesize=100
INFO:scholarly:Getting https://scholar.google.com/citations?hl=en&user=VaCy7gMAAAAJ&pagesize=100
INFO:scholarly:Getting https://scholar.google.com/citations?hl=en&user=ZY4PL-MAAAAJ&pagesize=100
INFO:scholarly:Getting https://scholar.google.com/citations?hl=en&user=4nHDHMAAAAAJ&pagesize=100
INFO:scholarly:Getting https://scholar.google.com/citations?hl=en&user=eFbLBBkAAAAJ&pagesize=100
INFO:scholarly:Getting https://scholar.google.com/citations?hl=en&user=1vw8M4wAAAAJ&pagesize=100
INFO:scholarly:Getting https://scholar.google.com/citations?hl=en&user=J0ODNCYAAAAJ&pagesize=100
INFO:scholarly:Getting https://scholar.google.com/citations?hl=en&user=jIaZ9PsAAAAJ&pagesize=100
INFO:scholarly:Getting https://scholar.google.com/citations?hl=en&user=2-kA8-EAAAAJ&pagesize=100
INFO:scholarly:Getting https://scholar.google.com/citations?hl=en&user=CAKhjGQAAAAJ&pagesize=100
INFO:scholarly:Getting https://scholar.google.com/citations?hl=en&user=9cb-FrYAAAAJ&pagesize=100
INFO:scholarly:Getting https://scholar.google.com/citations?hl=en&user=VaCy7gMAAAAJ&pagesize=100
INFO:scholarly:Getting https://scholar.google.com/citations?hl=en&user=ZY4PL-MAAAAJ&pagesize=100
INFO:scholarly:Getting https://scholar.google.com/citations?hl=en&user=4nHDHMAAAAAJ&pagesize=100
INFO:scholarly:Getting https://scholar.google.com/citations?hl=en&user=eFbLBBkAAAAJ&pagesize=100
INFO:scholarly:Getting https://scholar.google.com/citations?hl=en&user=1vw8M4wAAAAJ&pagesize=100
INFO:scholarly:Getting https://scholar.google.com/citations?hl=en&user=J0ODNCYAAAAJ&pagesize=100
INFO:scholarly:Getting https://scholar.google.com/citations?hl=en&user=jIaZ9PsAAAAJ&pagesize=100
INFO:scholarly:Getting https://scholar.google.com/citations?hl=en&user=2-kA8-EAAAAJ&pagesize=100
INFO:scholarly:Getting https://scholar.google.com/citations?hl=en&user=CAKhjGQAAAAJ&pagesize=100
INFO:scholarly:Getting https://scholar.google.com/citations?hl=en&user=9cb-FrYAAAAJ&pagesize=100
INFO:scholarly:Getting https://scholar.google.com/citations?hl=en&user=VaCy7gMAAAAJ&pagesize=100
INFO:scholarly:Getting https://scholar.google.com/citations?hl=en&user=ZY4PL-MAAAAJ&pagesize=100
INFO:scholarly:Getting https://scholar.google.com/citations?hl=en&user=4nHDHMAAAAAJ&pagesize=100
INFO:scholarly:Getting https://scholar.google.com/citations?hl=en&user=eFbLBBkAAAAJ&pagesize=100
INFO:scholarly:Getting https://scholar.google.com/citations?hl=en&user=1vw8M4wAAAAJ&pagesize=100
INFO:scholarly:Getting https://scholar.google.com/citations?hl=en&user=J0ODNCYAAAAJ&pagesize=100
INFO:scholarly:Getting https://scholar.google.com/citations?hl=en&user=jIaZ9PsAAAAJ&pagesize=100
INFO:scholarly:Getting https://scholar.google.com/citations?hl=en&user=2-kA8-EAAAAJ&pagesize=100
INFO:scholarly:Getting https://scholar.google.com/citations?hl=en&user=CAKhjGQAAAAJ&pagesize=100
INFO:scholarly:Getting https://scholar.google.com/citations?hl=en&user=CAKhjGQAAAAJ&pagesize=100
INFO:scholarly:Getting https://scholar.google.com/citations?hl=en&user=9cb-FrYAAAAJ&pagesize=100
INFO:scholarly:Getting https://scholar.google.com/citations?hl=en&user=VaCy7gMAAAAJ&pagesize=100
INFO:scholarly:Getting https://scholar.google.com/citations?hl=en&user=ZY4PL-MAAAAJ&pagesize=100
INFO:scholarly:Getting https://scholar.google.com/citations?hl=en&user=4nHDHMAAAAAJ&pagesize=100
INFO:scholarly:Getting https://scholar.google.com/citations?hl=en&user=eFbLBBkAAAAJ&pagesize=100
INFO:scholarly:Getting https://scholar.google.com/citations?hl=en&user=1vw8M4wAAAAJ&pagesize=100
INFO:scholarly:Getting https://scholar.google.com/citations?hl=en&user=J0ODNCYAAAAJ&pagesize=100
INFO:scholarly:Getting https://scholar.google.com/citations?hl=en&user=jIaZ9PsAAAAJ&pagesize=100
INFO:scholarly:Getting https://scholar.google.com/citations?hl=en&user=2-kA8-EAAAAJ&pagesize=100
INFO:scholarly:Getting https://scholar.google.com/citations?hl=en&user=CAKhjGQAAAAJ&pagesize=100
INFO:scholarly:Getting https://scholar.google.com/citations?hl=en&user=CAKhjGQAAAAJ&pagesize=100
INFO:scholarly:Getting https://scholar.google.com/citations?hl=en&user=9cb-FrYAAAAJ&pagesize=100
INFO:scholarly:Getting https://scholar.google.com/citations?hl=en&user=VaCy7gMAAAAJ&pagesize=100
INFO:scholarly:Getting https://scholar.google.com/citations?hl=en&user=ZY4PL-MAAAAJ&pagesize=100
INFO:scholarly:Getting https://scholar.google.com/citations?hl=en&user=4nHDHMAAAAAJ&pagesize=100
INFO:scholarly:Getting https://scholar.google.com/citations?hl=en&user=eFbLBBkAAAAJ&pagesize=100
INFO:scholarly:Getting https://scholar.google.com/citations?hl=en&user=1vw8M4wAAAAJ&pagesize=100
INFO:scholarly:Getting https://scholar.google.com/citations?hl=en&user=J0ODNCYAAAAJ&pagesize=100
INFO:scholarly:Getting https://scholar.google.com/citations?hl=en&user=jIaZ9PsAAAAJ&pagesize=100
INFO:scholarly:Getting https://scholar.google.com/citations?hl=en&user=2-kA8-EAAAAJ&pagesize=100
INFO:scholarly:Getting https://scholar.google.com/citations?hl=en&user=CAKhjGQAAAAJ&pagesize=100
INFO:scholarly:Getting https://scholar.google.com/citations?hl=en&user=CAKhjGQAAAAJ&pagesize=100
INFO:scholarly:Getting https://scholar.google.com/citations?hl=en&user=9cb-FrYAAAAJ&pagesize=100
INFO:scholarly:Getting https://scholar.google.com/citations?hl=en&user=VaCy7gMAAAAJ&pagesize=100
INFO:scholarly:Getting https://scholar.google.com/citations?hl=en&user=ZY4PL-MAAAAJ&pagesize=100
INFO:scholarly:Getting https://scholar.google.com/citations?hl=en&user=4nHDHMAAAAAJ&pagesize=100
INFO:scholarly:Getting https://scholar.google.com/citations?hl=en&user=eFbLBBkAAAAJ&pagesize=100
INFO:scholarly:Getting https://scholar.google.com/citations?hl=en&user=1vw8M4wAAAAJ&pagesize=100
INFO:scholarly:Getting https://scholar.google.com/citations?hl=en&user=J0ODNCYAAAAJ&pagesize=100
INFO:scholarly:Getting https://scholar.google.com/citations?hl=en&user=jIaZ9PsAAAAJ&pagesize=100
INFO:scholarly:Getting https://scholar.google.com/citations?hl=en&user=2-kA8-EAAAAJ&pagesize=100
INFO:scholarly:Getting https://scholar.google.com/citations?hl=en&user=CAKhjGQAAAAJ&pagesize=100
INFO:scholarly:Getting https://scholar.google.com/citations?hl=en&user=9cb-FrYAAAAJ&pagesize=100
INFO:scholarly:Getting https://scholar.google.com/citations?hl=en&user=VaCy7gMAAAAJ&pagesize=100
INFO:scholarly:Getting https://scholar.google.com/citations?hl=en&user=ZY4PL-MAAAAJ&pagesize=100
INFO:scholarly:Getting https://scholar.google.com/citations?hl=en&user=4nHDHMAAAAAJ&pagesize=100
INFO:scholarly:Getting https://scholar.google.com/citations?hl=en&user=eFbLBBkAAAAJ&pagesize=100
INFO:scholarly:Getting https://scholar.google.com/citations?hl=en&user=1vw8M4wAAAAJ&pagesize=100
INFO:scholarly:Getting https://scholar.google.com/citations?hl=en&user=J0ODNCYAAAAJ&pagesize=100
INFO:scholarly:Getting https://scholar.google.com/citations?hl=en&user=jIaZ9PsAAAAJ&pagesize=100
INFO:scholarly:Getting https://scholar.google.com/citations?hl=en&user=2-kA8-EAAAAJ&pagesize=100
INFO:scholarly:Getting https://scholar.google.com/citations?hl=en&user=CAKhjGQAAAAJ&pagesize=100
INFO:scholarly:Getting https://scholar.google.com/citations?hl=en&user=9cb-FrYAAAAJ&pagesize=100
INFO:scholarly:Getting https://scholar.google.com/citations?hl=en&user=VaCy7gMAAAAJ&pagesize=100
INFO:scholarly:Getting https://scholar.google.com/citations?hl=en&user=ZY4PL-MAAAAJ&pagesize=100
INFO:scholarly:Getting https://scholar.google.com/citations?hl=en&user=4nHDHMAAAAAJ&pagesize=100
INFO:scholarly:Getting https://scholar.google.com/citations?hl=en&user=eFbLBBkAAAAJ&pagesize=100
INFO:scholarly:Getting https://scholar.google.com/citations?hl=en&user=1vw8M4wAAAAJ&pagesize=100
INFO:scholarly:Getting https://scholar.google.com/citations?hl=en&user=J0ODNCYAAAAJ&pagesize=100
INFO:scholarly:Getting https://scholar.google.com/citations?hl=en&user=jIaZ9PsAAAAJ&pagesize=100
INFO:scholarly:Getting https://scholar.google.com/citations?hl=en&user=2-kA8-EAAAAJ&pagesize=100
INFO:scholarly:Getting https://scholar.google.com/citations?hl=en&user=CAKhjGQAAAAJ&pagesize=100
INFO:scholarly:Getting https://scholar.google.com/citations?hl=en&user=9cb-FrYAAAAJ&pagesize=100
INFO:scholarly:Getting https://scholar.google.com/citations?hl=en&user=VaCy7gMAAAAJ&pagesize=100
INFO:scholarly:Getting https://scholar.google.com/citations?hl=en&user=ZY4PL-MAAAAJ&pagesize=100
INFO:scholarly:Getting https://scholar.google.com/citations?hl=en&user=4nHDHMAAAAAJ&pagesize=100
INFO:scholarly:Getting https://scholar.google.com/citations?hl=en&user=eFbLBBkAAAAJ&pagesize=100
INFO:scholarly:Getting https://scholar.google.com/citations?hl=en&user=1vw8M4wAAAAJ&pagesize=100
INFO:scholarly:Getting https://scholar.google.com/citations?hl=en&user=J0ODNCYAAAAJ&pagesize=100
INFO:scholarly:Getting https://scholar.google.com/citations?hl=en&user=jIaZ9PsAAAAJ&pagesize=100
INFO:scholarly:Getting https://scholar.google.com/citations?hl=en&user=2-kA8-EAAAAJ&pagesize=100
INFO:scholarly:Getting https://scholar.google.com/citations?hl=en&user=CAKhjGQAAAAJ&pagesize=100
INFO:scholarly:Getting https://scholar.google.com/citations?hl=en&user=9cb-FrYAAAAJ&pagesize=100
INFO:scholarly:Getting https://scholar.google.com/citations?hl=en&user=VaCy7gMAAAAJ&pagesize=100
INFO:scholarly:Getting https://scholar.google.com/citations?hl=en&user=ZY4PL-MAAAAJ&pagesize=100
INFO:scholarly:Getting https://scholar.google.com/citations?hl=en&user=4nHDHMAAAAAJ&pagesize=100
INFO:scholarly:Getting https://scholar.google.com/citations?hl=en&user=eFbLBBkAAAAJ&pagesize=100
INFO:scholarly:Getting https://scholar.google.com/citations?hl=en&user=1vw8M4wAAAAJ&pagesize=100
INFO:scholarly:Getting https://scholar.google.com/citations?hl=en&user=J0ODNCYAAAAJ&pagesize=100
INFO:scholarly:Getting https://scholar.google.com/citations?hl=en&user=jIaZ9PsAAAAJ&pagesize=100
INFO:scholarly:Getting https://scholar.google.com/citations?hl=en&user=2-kA8-EAAAAJ&pagesize=100
INFO:scholarly:Getting https://scholar.google.com/citations?hl=en&user=CAKhjGQAAAAJ&pagesize=100
INFO:scholarly:Getting https://scholar.google.com/citations?hl=en&user=9cb-FrYAAAAJ&pagesize=100
INFO:scholarly:Getting https://scholar.google.com/citations?hl=en&user=VaCy7gMAAAAJ&pagesize=100
INFO:scholarly:Getting https://scholar.google.com/citations?hl=en&user=ZY4PL-MAAAAJ&pagesize=100
INFO:scholarly:Getting https://scholar.google.com/citations?hl=en&user=4nHDHMAAAAAJ&pagesize=100
INFO:scholarly:Getting https://scholar.google.com/citations?hl=en&user=eFbLBBkAAAAJ&pagesize=100
INFO:scholarly:Getting https://scholar.google.com/citations?hl=en&user=1vw8M4wAAAAJ&pagesize=100
INFO:scholarly:Getting https://scholar.google.com/citations?hl=en&user=J0ODNCYAAAAJ&pagesize=100
INFO:scholarly:Getting https://scholar.google.com/citations?hl=en&user=jIaZ9PsAAAAJ&pagesize=100
INFO:scholarly:Getting https://scholar.google.com/citations?hl=en&user=2-kA8-EAAAAJ&pagesize=100
INFO:scholarly:Getting https://scholar.google.com/citations?hl=en&user=CAKhjGQAAAAJ&pagesize=100
INFO:scholarly:Getting https://scholar.google.com/citations?hl=en&user=9cb-FrYAAAAJ&pagesize=100
INFO:scholarly:Getting https://scholar.google.com/citations?hl=en&user=VaCy7gMAAAAJ&pagesize=100
INFO:scholarly:Getting https://scholar.google.com/citations?hl=en&user=ZY4PL-MAAAAJ&pagesize=100
INFO:scholarly:Getting https://scholar.google.com/citations?hl=en&user=4nHDHMAAAAAJ&pagesize=100
INFO:scholarly:Getting https://scholar.google.com/citations?hl=en&user=eFbLBBkAAAAJ&pagesize=100
INFO:scholarly:Getting https://scholar.google.com/citations?hl=en&user=1vw8M4wAAAAJ&pagesize=100
INFO:scholarly:Getting https://scholar.google.com/citations?hl=en&user=J0ODNCYAAAAJ&pagesize=100
INFO:scholarly:Getting https://scholar.google.com/citations?hl=en&user=jIaZ9PsAAAAJ&pagesize=100
INFO:scholarly:Getting https://scholar.google.com/citations?hl=en&user=2-kA8-EAAAAJ&pagesize=100
INFO:scholarly:Getting https://scholar.google.com/citations?hl=en&user=CAKhjGQAAAAJ&pagesize=100
INFO:scholarly:Getting https://scholar.google.com/citations?hl=en&user=9cb-FrYAAAAJ&pagesize=100
INFO:scholarly:Getting https://scholar.google.com/citations?hl=en&user=VaCy7gMAAAAJ&pagesize=100
INFO:scholarly:Getting https://scholar.google.com/citations?hl=en&user=ZY4PL-MAAAAJ&pagesize=100
INFO:scholarly:Getting https://scholar.google.com/citations?hl=en&user=4nHDHMAAAAAJ&pagesize=100
INFO:scholarly:Getting https://scholar.google.com/citations?hl=en&user=eFbLBBkAAAAJ&pagesize=100
INFO:scholarly:Getting https://scholar.google.com/citations?hl=en&user=1vw8M4wAAAAJ&pagesize=100
INFO:scholarly:Getting https://scholar.google.com/citations?hl=en&user=J0ODNCYAAAAJ&pagesize=100
INFO:scholarly:Getting https://scholar.google.com/citations?hl=en&user=jIaZ9PsAAAAJ&pagesize=100
INFO:scholarly:Getting https://scholar.google.com/citations?hl=en&user=2-kA8-EAAAAJ&pagesize=100
INFO:scholarly:Getting https://scholar.google.com/citations?hl=en&user=CAKhjGQAAAAJ&pagesize=100
INFO:scholarly:Getting https://scholar.google.com/citations?hl=en&user=9cb-FrYAAAAJ&pagesize=100
INFO:scholarly:Getting https://scholar.google.com/citations?hl=en&user=VaCy7gMAAAAJ&pagesize=100
INFO:scholarly:Getting https://scholar.google.com/citations?hl=en&user=ZY4PL-MAAAAJ&pagesize=100
INFO:scholarly:Getting https://scholar.google.com/citations?hl=en&user=4nHDHMAAAAAJ&pagesize=100
INFO:scholarly:Getting https://scholar.google.com/citations?hl=en&user=eFbLBBkAAAAJ&pagesize=100
INFO:scholarly:Getting https://scholar.google.com/citations?hl=en&user=1vw8M4wAAAAJ&pagesize=100
INFO:scholarly:Getting https://scholar.google.com/citations?hl=en&user=J0ODNCYAAAAJ&pagesize=100
INFO:scholarly:Getting https://scholar.google.com/citations?hl=en&user=jIaZ9PsAAAAJ&pagesize=100
INFO:scholarly:Getting https://scholar.google.com/citations?hl=en&user=2-kA8-EAAAAJ&pagesize=100
INFO:scholarly:Getting https://scholar.google.com/citations?hl=en&user=CAKhjGQAAAAJ&pagesize=100
INFO:scholarly:Getting https://scholar.google.com/citations?hl=en&user=9cb-FrYAAAAJ&pagesize=100
INFO:scholarly:Getting https://scholar.google.com/citations?hl=en&user=VaCy7gMAAAAJ&pagesize=100
INFO:scholarly:Getting https://scholar.google.com/citations?hl=en&user=ZY4PL-MAAAAJ&pagesize=100
INFO:scholarly:Getting https://scholar.google.com/citations?hl=en&user=4nHDHMAAAAAJ&pagesize=100
INFO:scholarly:Getting https://scholar.google.com/citations?hl=en&user=eFbLBBkAAAAJ&pagesize=100
INFO:scholarly:Getting https://scholar.google.com/citations?hl=en&user=1vw8M4wAAAAJ&pagesize=100
INFO:scholarly:Getting https://scholar.google.com/citations?hl=en&user=J0ODNCYAAAAJ&pagesize=100
INFO:scholarly:Getting https://scholar.google.com/citations?hl=en&user=jIaZ9PsAAAAJ&pagesize=100
INFO:scholarly:Getting https://scholar.google.com/citations?hl=en&user=2-kA8-EAAAAJ&pagesize=100
INFO:scholarly:Getting https://scholar.google.com/citations?hl=en&user=CAKhjGQAAAAJ&pagesize=100
INFO:scholarly:Getting https://scholar.google.com/citations?hl=en&user=9cb-FrYAAAAJ&pagesize=100
INFO:scholarly:Getting https://scholar.google.com/citations?hl=en&user=VaCy7gMAAAAJ&pagesize=100
INFO:scholarly:Getting https://scholar.google.com/citations?hl=en&user=ZY4PL-MAAAAJ&pagesize=100
INFO:scholarly:Getting https://scholar.google.com/citations?hl=en&user=4nHDHMAAAAAJ&pagesize=100
INFO:scholarly:Getting https://scholar.google.com/citations?hl=en&user=eFbLBBkAAAAJ&pagesize=100
INFO:scholarly:Getting https://scholar.google.com/citations?hl=en&user=1vw8M4wAAAAJ&pagesize=100
INFO:scholarly:Getting https://scholar.google.com/citations?hl=en&user=J0ODNCYAAAAJ&pagesize=100
INFO:scholarly:Getting https://scholar.google.com/citations?hl=en&user=jIaZ9PsAAAAJ&pagesize=100
INFO:scholarly:Getting https://scholar.google.com/citations?hl=en&user=2-kA8-EAAAAJ&pagesize=100
INFO:scholarly:Getting https://scholar.google.com/citations?hl=en&user=CAKhjGQAAAAJ&pagesize=100
INFO:scholarly:Getting https://scholar.google.com/citations?hl=en&user=9cb-FrYAAAAJ&pagesize=100
INFO:scholarly:Getting https://scholar.google.com/citations?hl=en&user=VaCy7gMAAAAJ&pagesize=100
INFO:scholarly:Getting https://scholar.google.com/citations?hl=en&user=ZY4PL-MAAAAJ&pagesize=100
INFO:scholarly:Getting https://scholar.google.com/citations?hl=en&user=4nHDHMAAAAAJ&pagesize=100
INFO:scholarly:Getting https://scholar.google.com/citations?hl=en&user=eFbLBBkAAAAJ&pagesize=100
INFO:scholarly:Getting https://scholar.google.com/citations?hl=en&user=1vw8M4wAAAAJ&pagesize=100
INFO:scholarly:Getting https://scholar.google.com/citations?hl=en&user=J0ODNCYAAAAJ&pagesize=100
INFO:scholarly:Getting https://scholar.google.com/citations?hl=en&user=jIaZ9PsAAAAJ&pagesize=100
INFO:scholarly:Getting https://scholar.google.com/citations?hl=en&user=2-kA8-EAAAAJ&pagesize=100
INFO:scholarly:Getting https://scholar.google.com/citations?hl=en&user=CAKhjGQAAAAJ&pagesize=100
INFO:scholarly:Getting https://scholar.google.com/citations?hl=en&user=9cb-FrYAAAAJ&pagesize=100
INFO:scholarly:Getting https://scholar.google.com/citations?hl=en&user=VaCy7gMAAAAJ&pagesize=100
INFO:scholarly:Getting https://scholar.google.com/citations?hl=en&user=ZY4PL-MAAAAJ&pagesize=100
INFO:scholarly:Getting https://scholar.google.com/citations?hl=en&user=4nHDHMAAAAAJ&pagesize=100
INFO:scholarly:Getting https://scholar.google.com/citations?hl=en&user=eFbLBBkAAAAJ&pagesize=100
INFO:scholarly:Getting https://scholar.google.com/citations?hl=en&user=1vw8M4wAAAAJ&pagesize=100
INFO:scholarly:Getting https://scholar.google.com/citations?hl=en&user=J0ODNCYAAAAJ&pagesize=100
INFO:scholarly:Getting https://scholar.google.com/citations?hl=en&user=jIaZ9PsAAAAJ&pagesize=100
INFO:scholarly:Getting https://scholar.google.com/citations?hl=en&user=2-kA8-EAAAAJ&pagesize=100
INFO:scholarly:Getting https://scholar.google.com/citations?hl=en&user=CAKhjGQAAAAJ&pagesize=100
INFO:scholarly:Getting https://scholar.google.com/citations?hl=en&user=9cb-FrYAAAAJ&pagesize=100
INFO:scholarly:Getting https://scholar.google.com/citations?hl=en&user=VaCy7gMAAAAJ&pagesize=100
INFO:scholarly:Getting https://scholar.google.com/citations?hl=en&user=ZY4PL-MAAAAJ&pagesize=100
INFO:scholarly:Getting https://scholar.google.com/citations?hl=en&user=4nHDHMAAAAAJ&pagesize=100
INFO:scholarly:Getting https://scholar.google.com/citations?hl=en&user=eFbLBBkAAAAJ&pagesize=100
INFO:scholarly:Getting https://scholar.google.com/citations?hl=en&user=1vw8M4wAAAAJ&pagesize=100
INFO:scholarly:Getting https://scholar.google.com/citations?hl=en&user=J0ODNCYAAAAJ&pagesize=100
INFO:scholarly:Getting https://scholar.google.com/citations?hl=en&user=jIaZ9PsAAAAJ&pagesize=100
INFO:scholarly:Getting https://scholar.google.com/citations?hl=en&user=2-kA8-EAAAAJ&pagesize=100
INFO:scholarly:Getting https://scholar.google.com/citations?hl=en&user=CAKhjGQAAAAJ&pagesize=100
INFO:scholarly:Getting https://scholar.google.com/citations?hl=en&user=9cb-FrYAAAAJ&pagesize=100
INFO:scholarly:Getting https://scholar.google.com/citations?hl=en&user=VaCy7gMAAAAJ&pagesize=100
INFO:scholarly:Getting https://scholar.google.com/citations?hl=en&user=ZY4PL-MAAAAJ&pagesize=100
INFO:scholarly:Getting https://scholar.google.com/citations?hl=en&user=4nHDHMAAAAAJ&pagesize=100
INFO:scholarly:Getting https://scholar.google.com/citations?hl=en&user=eFbLBBkAAAAJ&pagesize=100
INFO:scholarly:Getting https://scholar.google.com/citations?hl=en&user=1vw8M4wAAAAJ&pagesize=100
INFO:scholarly:Getting https://scholar.google.com/citations?hl=en&user=J0ODNCYAAAAJ&pagesize=100
INFO:scholarly:Getting https://scholar.google.com/citations?hl=en&user=jIaZ9PsAAAAJ&pagesize=100
INFO:scholarly:Getting https://scholar.google.com/citations?hl=en&user=2-kA8-EAAAAJ&pagesize=100
INFO:scholarly:Getting https://scholar.google.com/citations?hl=en&user=CAKhjGQAAAAJ&pagesize=100
INFO:scholarly:Getting https://scholar.google.com/citations?hl=en&user=9cb-FrYAAAAJ&pagesize=100
INFO:scholarly:Getting https://scholar.google.com/citations?hl=en&user=VaCy7gMAAAAJ&pagesize=100
INFO:scholarly:Getting https://scholar.google.com/citations?hl=en&user=ZY4PL-MAAAAJ&pagesize=100
INFO:scholarly:Getting https://scholar.google.com/citations?hl=en&user=4nHDHMAAAAAJ&pagesize=100
INFO:scholarly:Getting https://scholar.google.com/citations?hl=en&user=eFbLBBkAAAAJ&pagesize=100
INFO:scholarly:Getting https://scholar.google.com/citations?hl=en&user=1vw8M4wAAAAJ&pagesize=100
INFO:scholarly:Getting https://scholar.google.com/citations?hl=en&user=J0ODNCYAAAAJ&pagesize=100
INFO:scholarly:Getting https://scholar.google.com/citations?hl=en&user=jIaZ9PsAAAAJ&pagesize=100
INFO:scholarly:Getting https://scholar.google.com/citations?hl=en&user=2-kA8-EAAAAJ&pagesize=100
INFO:scholarly:Getting https://scholar.google.com/citations?hl=en&user=CAKhjGQAAAAJ&pagesize=100
INFO:scholarly:Getting https://scholar.google.com/citations?hl=en&user=9cb-FrYAAAAJ&pagesize=100
INFO:scholarly:Getting https://scholar.google.com/citations?hl=en&user=VaCy7gMAAAAJ&pagesize=100
INFO:scholarly:Getting https://scholar.google.com/citations?hl=en&user=ZY4PL-MAAAAJ&pagesize=100
INFO:scholarly:Getting https://scholar.google.com/citations?hl=en&user=4nHDHMAAAAAJ&pagesize=100
INFO:scholarly:Getting https://scholar.google.com/citations?hl=en&user=eFbLBBkAAAAJ&pagesize=100
INFO:scholarly:Getting https://scholar.google.com/citations?hl=en&user=1vw8M4wAAAAJ&pagesize=100
INFO:scholarly:Getting https://scholar.google.com/citations?hl=en&user=J0ODNCYAAAAJ&pagesize=100
INFO:scholarly:Getting https://scholar.google.com/citations?hl=en&user=jIaZ9PsAAAAJ&pagesize=100
INFO:scholarly:Getting https://scholar.google.com/citations?hl=en&user=2-kA8-EAAAAJ&pagesize=100
INFO:scholarly:Getting https://scholar.google.com/citations?hl=en&user=CAKhjGQAAAAJ&pagesize=100
INFO:scholarly:Getting https://scholar.google.com/citations?hl=en&user=9cb-FrYAAAAJ&pagesize=100
INFO:scholarly:Getting https://scholar.google.com/citations?hl=en&user=VaCy7gMAAAAJ&pagesize=100
INFO:scholarly:Getting https://scholar.google.com/citations?hl=en&user=ZY4PL-MAAAAJ&pagesize=100
INFO:scholarly:Getting https://scholar.google.com/citations?hl=en&user=4nHDHMAAAAAJ&pagesize=100
INFO:scholarly:Getting https://scholar.google.com/citations?hl=en&user=eFbLBBkAAAAJ&pagesize=100
INFO:scholarly:Getting https://scholar.google.com/citations?hl=en&user=1vw8M4wAAAAJ&pagesize=100
INFO:scholarly:Getting https://scholar.google.com/citations?hl=en&user=J0ODNCYAAAAJ&pagesize=100
INFO:scholarly:Getting https://scholar.google.com/citations?hl=en&user=jIaZ9PsAAAAJ&pagesize=100
INFO:scholarly:Getting https://scholar.google.com/citations?hl=en&user=2-kA8-EAAAAJ&pagesize=100
INFO:scholarly:Getting https://scholar.google.com/citations?hl=en&user=CAKhjGQAAAAJ&pagesize=100
INFO:scholarly:Getting https://scholar.google.com/citations?hl=en&user=9cb-FrYAAAAJ&pagesize=100
INFO:scholarly:Getting https://scholar.google.com/citations?hl=en&user=VaCy7gMAAAAJ&pagesize=100
INFO:scholarly:Getting https://scholar.google.com/citations?hl=en&user=ZY4PL-MAAAAJ&pagesize=100
INFO:scholarly:Getting https://scholar.google.com/citations?hl=en&user=CAKhjGQAAAAJ&pagesize=100
INFO:scholarly:Getting https://scholar.google.com/citations?hl=en&user=9cb-FrYAAAAJ&pagesize=100
INFO:scholarly:Getting https://scholar.google.com/citations?hl=en&user=VaCy7gMAAAAJ&pagesize=100
INFO:scholarly:Getting https://scholar.google.com/citations?hl=en&user=ZY4PL-MAAAAJ&pagesize=100
INFO:scholarly:Getting https://scholar.google.com/citations?hl=en&user=4nHDHMAAAAAJ&pagesize=100
INFO:scholarly:Getting https://scholar.google.com/citations?hl=en&user=eFbLBBkAAAAJ&pagesize=100
INFO:scholarly:Getting https://scholar.google.com/citations?hl=en&user=1vw8M4wAAAAJ&pagesize=100
INFO:scholarly:Getting https://scholar.google.com/citations?hl=en&user=J0ODNCYAAAAJ&pagesize=100
INFO:scholarly:Getting https://scholar.google.com/citations?hl=en&user=jIaZ9PsAAAAJ&pagesize=100
INFO:scholarly:Getting https://scholar.google.com/citations?hl=en&user=2-kA8-EAAAAJ&pagesize=100
INFO:scholarly:Getting https://scholar.google.com/citations?hl=en&user=CAKhjGQAAAAJ&pagesize=100
INFO:scholarly:Getting https://scholar.google.com/citations?hl=en&user=9cb-FrYAAAAJ&pagesize=100
INFO:scholarly:Getting https://scholar.google.com/citations?hl=en&user=VaCy7gMAAAAJ&pagesize=100
INFO:scholarly:Getting https://scholar.google.com/citations?hl=en&user=ZY4PL-MAAAAJ&pagesize=100
INFO:scholarly:Getting https://scholar.google.com/citations?hl=en&user=4nHDHMAAAAAJ&pagesize=100
INFO:scholarly:Getting https://scholar.google.com/citations?hl=en&user=eFbLBBkAAAAJ&pagesize=100
INFO:scholarly:Getting https://scholar.google.com/citations?hl=en&user=1vw8M4wAAAAJ&pagesize=100
INFO:scholarly:Getting https://scholar.google.com/citations?hl=en&user=J0ODNCYAAAAJ&pagesize=100
INFO:scholarly:Getting https://scholar.google.com/citations?hl=en&user=jIaZ9PsAAAAJ&pagesize=100
INFO:scholarly:Getting https://scholar.google.com/citations?hl=en&user=2-kA8-EAAAAJ&pagesize=100
INFO:scholarly:Getting https://scholar.google.com/citations?hl=en&user=HszoyNkAAAAJ&pagesize=100
INFO:scholarly:Getting https://scholar.google.com/citations?hl=en&user=hHA74iwAAAAJ&pagesize=100
INFO:scholarly:Getting https://scholar.google.com/citations?hl=en&user=BT3h7BEAAAAJ&pagesize=100
INFO:scholarly:Getting https://scholar.google.com/citations?hl=en&user=CVZLsk8AAAAJ&pagesize=100
INFO:scholarly:Getting https://scholar.google.com/citations?hl=en&user=Gb35ZpYAAAAJ&pagesize=100
INFO:scholarly:Getting https://scholar.google.com/citations?hl=en&user=QO6vb6AAAAAJ&pagesize=100
INFO:scholarly:Getting https://scholar.google.com/citations?hl=en&user=s9r-j7gAAAAJ&pagesize=100
INFO:scholarly:Getting https://scholar.google.com/citations?hl=en&user=3zYnZGEAAAAJ&pagesize=100
INFO:scholarly:Getting https://scholar.google.com/citations?hl=en&user=ulYIrvkAAAAJ&pagesize=100
INFO:scholarly:Getting https://scholar.google.com/citations?hl=en&user=ivUVCwgAAAAJ&pagesize=100
INFO:scholarly:Getting https://scholar.google.com/citations?hl=en&user=xVqWuS8AAAAJ&pagesize=100
INFO:scholarly:Getting https://scholar.google.com/citations?hl=en&user=mDb2qAIAAAAJ&pagesize=100
INFO:scholarly:Getting https://scholar.google.com/citations?hl=en&user=koz-AF0AAAAJ&pagesize=100
INFO:scholarly:Getting https://scholar.google.com/citations?hl=en&user=Zk-j4qsAAAAJ&pagesize=100
INFO:scholarly:Getting https://scholar.google.com/citations?hl=en&user=PlOudOMAAAAJ&pagesize=100
INFO:scholarly:Getting https://scholar.google.com/citations?hl=en&user=6H-2m0QAAAAJ&pagesize=100
INFO:scholarly:Getting https://scholar.google.com/citations?hl=en&user=ZufaPxsAAAAJ&pagesize=100
INFO:scholarly:Getting https://scholar.google.com/citations?hl=en&user=PFq1dsgAAAAJ&pagesize=100
INFO:scholarly:Getting https://scholar.google.com/citations?hl=en&user=8_MHSJgAAAAJ&pagesize=100
INFO:scholarly:Getting https://scholar.google.com/citations?hl=en&user=PyZwHxgAAAAJ&pagesize=100
INFO:scholarly:Getting https://scholar.google.com/citations?hl=en&user=eQcDs34AAAAJ&pagesize=100
INFO:scholarly:Getting https://scholar.google.com/citations?hl=en&user=STGvnMEAAAAJ&pagesize=100
INFO:scholarly:Getting https://scholar.google.com/citations?hl=en&user=1Yy-R3gAAAAJ&pagesize=100
INFO:scholarly:Getting https://scholar.google.com/citations?hl=en&user=ronwyG4AAAAJ&pagesize=100
INFO:scholarly:Getting https://scholar.google.com/citations?hl=en&user=cpCWZG0AAAAJ&pagesize=100
INFO:scholarly:Getting https://scholar.google.com/citations?hl=en&user=vosoMHcAAAAJ&pagesize=100
INFO:scholarly:Getting https://scholar.google.com/citations?hl=en&user=Y5oT-s8AAAAJ&pagesize=100
INFO:scholarly:Getting https://scholar.google.com/citations?hl=en&user=XAo9cJQAAAAJ&pagesize=100
INFO:scholarly:Getting https://scholar.google.com/citations?hl=en&user=PXrFkugAAAAJ&pagesize=100
INFO:scholarly:Getting https://scholar.google.com/citations?hl=en&user=92VQtDAAAAAJ&pagesize=100
INFO:scholarly:Getting https://scholar.google.com/citations?hl=en&user=O-F0bVYAAAAJ&pagesize=100
INFO:scholarly:Getting https://scholar.google.com/citations?hl=en&user=MyfXzJoAAAAJ&pagesize=100
INFO:scholarly:Getting https://scholar.google.com/citations?hl=en&user=_51twbEAAAAJ&pagesize=100
INFO:scholarly:Getting https://scholar.google.com/citations?hl=en&user=4P-wWXkAAAAJ&pagesize=100
INFO:scholarly:Getting https://scholar.google.com/citations?hl=en&user=5RUBrkoAAAAJ&pagesize=100
INFO:scholarly:Getting https://scholar.google.com/citations?hl=en&user=_B9QE30AAAAJ&pagesize=100
INFO:scholarly:Getting https://scholar.google.com/citations?hl=en&user=rjDzsk0AAAAJ&pagesize=100
INFO:scholarly:Getting https://scholar.google.com/citations?hl=en&user=OWdFhf8AAAAJ&pagesize=100
INFO:scholarly:Getting https://scholar.google.com/citations?hl=en&user=U3GnIfwAAAAJ&pagesize=100
INFO:scholarly:Getting https://scholar.google.com/citations?hl=en&user=KTQ1jxcAAAAJ&pagesize=100
INFO:scholarly:Getting https://scholar.google.com/citations?hl=en&user=Qa7Aym4AAAAJ&pagesize=100
INFO:scholarly:Getting https://scholar.google.com/citations?hl=en&user=wEfsfHcAAAAJ&pagesize=100
INFO:scholarly:Getting https://scholar.google.com/citations?hl=en&user=Ohp2sckAAAAJ&pagesize=100
INFO:scholarly:Getting https://scholar.google.com/citations?hl=en&user=yUDezXIAAAAJ&pagesize=100
INFO:scholarly:Getting https://scholar.google.com/citations?hl=en&user=XrrRVwMAAAAJ&pagesize=100
INFO:scholarly:Getting https://scholar.google.com/citations?hl=en&user=CAKhjGQAAAAJ&pagesize=100
INFO:scholarly:Getting https://scholar.google.com/citations?hl=en&user=9cb-FrYAAAAJ&pagesize=100
INFO:scholarly:Getting https://scholar.google.com/citations?hl=en&user=VaCy7gMAAAAJ&pagesize=100
INFO:scholarly:Getting https://scholar.google.com/citations?hl=en&user=ZY4PL-MAAAAJ&pagesize=100
INFO:scholarly:Getting https://scholar.google.com/citations?hl=en&user=4nHDHMAAAAAJ&pagesize=100
INFO:scholarly:Getting https://scholar.google.com/citations?hl=en&user=eFbLBBkAAAAJ&pagesize=100
INFO:scholarly:Getting https://scholar.google.com/citations?hl=en&user=1vw8M4wAAAAJ&pagesize=100
INFO:scholarly:Getting https://scholar.google.com/citations?hl=en&user=J0ODNCYAAAAJ&pagesize=100
INFO:scholarly:Getting https://scholar.google.com/citations?hl=en&user=jIaZ9PsAAAAJ&pagesize=100
INFO:scholarly:Getting https://scholar.google.com/citations?hl=en&user=2-kA8-EAAAAJ&pagesize=100
INFO:scholarly:Getting https://scholar.google.com/citations?hl=en&user=HszoyNkAAAAJ&pagesize=100
INFO:scholarly:Getting https://scholar.google.com/citations?hl=en&user=hHA74iwAAAAJ&pagesize=100
INFO:scholarly:Getting https://scholar.google.com/citations?hl=en&user=BT3h7BEAAAAJ&pagesize=100
INFO:scholarly:Getting https://scholar.google.com/citations?hl=en&user=CVZLsk8AAAAJ&pagesize=100
INFO:scholarly:Getting https://scholar.google.com/citations?hl=en&user=Gb35ZpYAAAAJ&pagesize=100
INFO:scholarly:Getting https://scholar.google.com/citations?hl=en&user=QO6vb6AAAAAJ&pagesize=100
INFO:scholarly:Getting https://scholar.google.com/citations?hl=en&user=s9r-j7gAAAAJ&pagesize=100
INFO:scholarly:Getting https://scholar.google.com/citations?hl=en&user=3zYnZGEAAAAJ&pagesize=100
INFO:scholarly:Getting https://scholar.google.com/citations?hl=en&user=ulYIrvkAAAAJ&pagesize=100
INFO:scholarly:Getting https://scholar.google.com/citations?hl=en&user=ivUVCwgAAAAJ&pagesize=100
INFO:scholarly:Getting https://scholar.google.com/citations?hl=en&user=xVqWuS8AAAAJ&pagesize=100
INFO:scholarly:Getting https://scholar.google.com/citations?hl=en&user=mDb2qAIAAAAJ&pagesize=100
INFO:scholarly:Getting https://scholar.google.com/citations?hl=en&user=koz-AF0AAAAJ&pagesize=100
INFO:scholarly:Getting https://scholar.google.com/citations?hl=en&user=Zk-j4qsAAAAJ&pagesize=100
INFO:scholarly:Getting https://scholar.google.com/citations?hl=en&user=PlOudOMAAAAJ&pagesize=100
INFO:scholarly:Getting https://scholar.google.com/citations?hl=en&user=6H-2m0QAAAAJ&pagesize=100
INFO:scholarly:Getting https://scholar.google.com/citations?hl=en&user=ZufaPxsAAAAJ&pagesize=100
INFO:scholarly:Getting https://scholar.google.com/citations?hl=en&user=PFq1dsgAAAAJ&pagesize=100
INFO:scholarly:Getting https://scholar.google.com/citations?hl=en&user=8_MHSJgAAAAJ&pagesize=100
INFO:scholarly:Getting https://scholar.google.com/citations?hl=en&user=PyZwHxgAAAAJ&pagesize=100
INFO:scholarly:Getting https://scholar.google.com/citations?hl=en&user=CAKhjGQAAAAJ&pagesize=100
INFO:scholarly:Getting https://scholar.google.com/citations?hl=en&user=9cb-FrYAAAAJ&pagesize=100
INFO:scholarly:Getting https://scholar.google.com/citations?hl=en&user=VaCy7gMAAAAJ&pagesize=100
INFO:scholarly:Getting https://scholar.google.com/citations?hl=en&user=ZY4PL-MAAAAJ&pagesize=100
INFO:scholarly:Getting https://scholar.google.com/citations?hl=en&user=4nHDHMAAAAAJ&pagesize=100
INFO:scholarly:Getting https://scholar.google.com/citations?hl=en&user=CAKhjGQAAAAJ&pagesize=100
INFO:scholarly:Getting https://scholar.google.com/citations?hl=en&user=9cb-FrYAAAAJ&pagesize=100
INFO:scholarly:Getting https://scholar.google.com/citations?hl=en&user=VaCy7gMAAAAJ&pagesize=100
INFO:scholarly:Getting https://scholar.google.com/citations?hl=en&user=ZY4PL-MAAAAJ&pagesize=100
INFO:scholarly:Getting https://scholar.google.com/citations?hl=en&user=4nHDHMAAAAAJ&pagesize=100
INFO:scholarly:Getting https://scholar.google.com/citations?hl=en&user=eFbLBBkAAAAJ&pagesize=100
INFO:scholarly:Getting https://scholar.google.com/citations?hl=en&user=1vw8M4wAAAAJ&pagesize=100
INFO:scholarly:Getting https://scholar.google.com/citations?hl=en&user=J0ODNCYAAAAJ&pagesize=100
INFO:scholarly:Getting https://scholar.google.com/citations?hl=en&user=jIaZ9PsAAAAJ&pagesize=100
INFO:scholarly:Getting https://scholar.google.com/citations?hl=en&user=2-kA8-EAAAAJ&pagesize=100
INFO:scholarly:Getting https://scholar.google.com/citations?hl=en&user=HszoyNkAAAAJ&pagesize=100
INFO:scholarly:Getting https://scholar.google.com/citations?hl=en&user=hHA74iwAAAAJ&pagesize=100
INFO:scholarly:Getting https://scholar.google.com/citations?hl=en&user=BT3h7BEAAAAJ&pagesize=100
INFO:scholarly:Getting https://scholar.google.com/citations?hl=en&user=CVZLsk8AAAAJ&pagesize=100
INFO:scholarly:Getting https://scholar.google.com/citations?hl=en&user=Gb35ZpYAAAAJ&pagesize=100
INFO:scholarly:Getting https://scholar.google.com/citations?hl=en&user=QO6vb6AAAAAJ&pagesize=100
INFO:scholarly:Getting https://scholar.google.com/citations?hl=en&user=s9r-j7gAAAAJ&pagesize=100
INFO:scholarly:Getting https://scholar.google.com/citations?hl=en&user=3zYnZGEAAAAJ&pagesize=100
INFO:scholarly:Getting https://scholar.google.com/citations?hl=en&user=ulYIrvkAAAAJ&pagesize=100
INFO:scholarly:Getting https://scholar.google.com/citations?hl=en&user=ivUVCwgAAAAJ&pagesize=100
INFO:scholarly:Getting https://scholar.google.com/citations?hl=en&user=xVqWuS8AAAAJ&pagesize=100
INFO:scholarly:Getting https://scholar.google.com/citations?hl=en&user=mDb2qAIAAAAJ&pagesize=100
INFO:scholarly:Getting https://scholar.google.com/citations?hl=en&user=koz-AF0AAAAJ&pagesize=100
INFO:scholarly:Getting https://scholar.google.com/citations?hl=en&user=Zk-j4qsAAAAJ&pagesize=100
INFO:scholarly:Getting https://scholar.google.com/citations?hl=en&user=PlOudOMAAAAJ&pagesize=100
INFO:scholarly:Getting https://scholar.google.com/citations?hl=en&user=6H-2m0QAAAAJ&pagesize=100
INFO:scholarly:Getting https://scholar.google.com/citations?hl=en&user=ZufaPxsAAAAJ&pagesize=100
INFO:scholarly:Getting https://scholar.google.com/citations?hl=en&user=PFq1dsgAAAAJ&pagesize=100
INFO:scholarly:Getting https://scholar.google.com/citations?hl=en&user=8_MHSJgAAAAJ&pagesize=100
INFO:scholarly:Getting https://scholar.google.com/citations?hl=en&user=PyZwHxgAAAAJ&pagesize=100
INFO:scholarly:Getting https://scholar.google.com/citations?hl=en&user=eQcDs34AAAAJ&pagesize=100
INFO:scholarly:Getting https://scholar.google.com/citations?hl=en&user=STGvnMEAAAAJ&pagesize=100
INFO:scholarly:Getting https://scholar.google.com/citations?hl=en&user=1Yy-R3gAAAAJ&pagesize=100
INFO:scholarly:Getting https://scholar.google.com/citations?hl=en&user=ronwyG4AAAAJ&pagesize=100
INFO:scholarly:Getting https://scholar.google.com/citations?hl=en&user=cpCWZG0AAAAJ&pagesize=100
INFO:scholarly:Getting https://scholar.google.com/citations?hl=en&user=vosoMHcAAAAJ&pagesize=100
INFO:scholarly:Getting https://scholar.google.com/citations?hl=en&user=Y5oT-s8AAAAJ&pagesize=100
INFO:scholarly:Getting https://scholar.google.com/citations?hl=en&user=XAo9cJQAAAAJ&pagesize=100
INFO:scholarly:Getting https://scholar.google.com/citations?hl=en&user=PXrFkugAAAAJ&pagesize=100
INFO:scholarly:Getting https://scholar.google.com/citations?hl=en&user=92VQtDAAAAAJ&pagesize=100
INFO:scholarly:Getting https://scholar.google.com/citations?hl=en&user=O-F0bVYAAAAJ&pagesize=100
INFO:scholarly:Getting https://scholar.google.com/citations?hl=en&user=MyfXzJoAAAAJ&pagesize=100
INFO:scholarly:Getting https://scholar.google.com/citations?hl=en&user=_51twbEAAAAJ&pagesize=100
INFO:scholarly:Getting https://scholar.google.com/citations?hl=en&user=4P-wWXkAAAAJ&pagesize=100
INFO:scholarly:Getting https://scholar.google.com/citations?hl=en&user=5RUBrkoAAAAJ&pagesize=100
INFO:scholarly:Getting https://scholar.google.com/citations?hl=en&user=_B9QE30AAAAJ&pagesize=100
INFO:scholarly:Getting https://scholar.google.com/citations?hl=en&user=rjDzsk0AAAAJ&pagesize=100
INFO:scholarly:Getting https://scholar.google.com/citations?hl=en&user=OWdFhf8AAAAJ&pagesize=100
INFO:scholarly:Getting https://scholar.google.com/citations?hl=en&user=U3GnIfwAAAAJ&pagesize=100
INFO:scholarly:Getting https://scholar.google.com/citations?hl=en&user=KTQ1jxcAAAAJ&pagesize=100
INFO:scholarly:Getting https://scholar.google.com/citations?hl=en&user=Qa7Aym4AAAAJ&pagesize=100
INFO:scholarly:Getting https://scholar.google.com/citations?hl=en&user=wEfsfHcAAAAJ&pagesize=100
INFO:scholarly:Getting https://scholar.google.com/citations?hl=en&user=Ohp2sckAAAAJ&pagesize=100
INFO:scholarly:Getting https://scholar.google.com/citations?hl=en&user=yUDezXIAAAAJ&pagesize=100
INFO:scholarly:Getting https://scholar.google.com/citations?hl=en&user=XrrRVwMAAAAJ&pagesize=100
INFO:scholarly:Getting https://scholar.google.com/citations?hl=en&user=Iq3Dn5IAAAAJ&pagesize=100
INFO:scholarly:Getting https://scholar.google.com/citations?hl=en&user=OK2mSEcAAAAJ&pagesize=100
INFO:scholarly:Getting https://scholar.google.com/citations?hl=en&user=PJE0YhIAAAAJ&pagesize=100
INFO:scholarly:Getting https://scholar.google.com/citations?hl=en&user=_YyRorYAAAAJ&pagesize=100
INFO:scholarly:Getting https://scholar.google.com/citations?hl=en&user=Asz9fNIAAAAJ&pagesize=100
INFO:scholarly:Getting https://scholar.google.com/citations?hl=en&user=UGI1o4gAAAAJ&pagesize=100
INFO:scholarly:Getting https://scholar.google.com/citations?hl=en&user=XyWl1T8AAAAJ&pagesize=100
INFO:scholarly:Getting https://scholar.google.com/citations?hl=en&user=K_iSsRgAAAAJ&pagesize=100
INFO:scholarly:Getting https://scholar.google.com/citations?hl=en&user=jDRUHaIAAAAJ&pagesize=100
INFO:scholarly:Getting https://scholar.google.com/citations?hl=en&user=KhniSJAAAAAJ&pagesize=100
INFO:scholarly:Getting https://scholar.google.com/citations?hl=en&user=b1aAxw4AAAAJ&pagesize=100
INFO:scholarly:Getting https://scholar.google.com/citations?hl=en&user=2dm0LNAAAAAJ&pagesize=100
INFO:scholarly:Getting https://scholar.google.com/citations?hl=en&user=V38YSagAAAAJ&pagesize=100
INFO:scholarly:Getting https://scholar.google.com/citations?hl=en&user=2yHAwZ8AAAAJ&pagesize=100
INFO:scholarly:Getting https://scholar.google.com/citations?hl=en&user=gepOL4oAAAAJ&pagesize=100
INFO:scholarly:Getting https://scholar.google.com/citations?hl=en&user=B9deLXMAAAAJ&pagesize=100
INFO:scholarly:Getting https://scholar.google.com/citations?hl=en&user=HySpsrAAAAAJ&pagesize=100
INFO:scholarly:Getting https://scholar.google.com/citations?hl=en&user=20Pjt5sAAAAJ&pagesize=100
INFO:scholarly:Getting https://scholar.google.com/citations?hl=en&user=w60v5ysAAAAJ&pagesize=100
INFO:scholarly:Getting https://scholar.google.com/citations?hl=en&user=0IUqwZsAAAAJ&pagesize=100
INFO:scholarly:Getting https://scholar.google.com/citations?hl=en&user=4PvfTloAAAAJ&pagesize=100
INFO:scholarly:Getting https://scholar.google.com/citations?hl=en&user=-4jWdGoAAAAJ&pagesize=100
INFO:scholarly:Getting https://scholar.google.com/citations?hl=en&user=UPaNk6oAAAAJ&pagesize=100
INFO:scholarly:Getting https://scholar.google.com/citations?hl=en&user=ptiY9QgAAAAJ&pagesize=100
INFO:scholarly:Getting https://scholar.google.com/citations?hl=en&user=r7k8uwIAAAAJ&pagesize=100
INFO:scholarly:Getting https://scholar.google.com/citations?hl=en&user=XT1RXCUAAAAJ&pagesize=100
INFO:scholarly:Getting https://scholar.google.com/citations?hl=en&user=eNskzrYAAAAJ&pagesize=100
INFO:scholarly:Getting https://scholar.google.com/citations?hl=en&user=6YCpCt0AAAAJ&pagesize=100
INFO:scholarly:Getting https://scholar.google.com/citations?hl=en&user=-4uWEIUAAAAJ&pagesize=100
INFO:scholarly:Getting https://scholar.google.com/citations?hl=en&user=biTJ204AAAAJ&pagesize=100
INFO:scholarly:Getting https://scholar.google.com/citations?hl=en&user=nnv32mYAAAAJ&pagesize=100
INFO:scholarly:Getting https://scholar.google.com/citations?hl=en&user=abKR3GwAAAAJ&pagesize=100
INFO:scholarly:Getting https://scholar.google.com/citations?hl=en&user=JyVhV2AAAAAJ&pagesize=100
INFO:scholarly:Getting https://scholar.google.com/citations?hl=en&user=izOvs7MAAAAJ&pagesize=100
INFO:scholarly:Getting https://scholar.google.com/citations?hl=en&user=0XRuWvQAAAAJ&pagesize=100
INFO:scholarly:Getting https://scholar.google.com/citations?hl=en&user=Ee56JvYAAAAJ&pagesize=100
INFO:scholarly:Getting https://scholar.google.com/citations?hl=en&user=1dlsM_cAAAAJ&pagesize=100
INFO:scholarly:Getting https://scholar.google.com/citations?hl=en&user=Exr223wAAAAJ&pagesize=100
INFO:scholarly:Getting https://scholar.google.com/citations?hl=en&user=9V7nXREAAAAJ&pagesize=100
INFO:scholarly:Getting https://scholar.google.com/citations?hl=en&user=dH_hkssAAAAJ&pagesize=100
INFO:scholarly:Getting https://scholar.google.com/citations?hl=en&user=CAKhjGQAAAAJ&pagesize=100
INFO:scholarly:Getting https://scholar.google.com/citations?hl=en&user=9cb-FrYAAAAJ&pagesize=100
INFO:scholarly:Getting https://scholar.google.com/citations?hl=en&user=CAKhjGQAAAAJ&pagesize=100
INFO:scholarly:Getting https://scholar.google.com/citations?hl=en&user=9cb-FrYAAAAJ&pagesize=100
INFO:scholarly:Getting https://scholar.google.com/citations?hl=en&user=VaCy7gMAAAAJ&pagesize=100
INFO:scholarly:Getting https://scholar.google.com/citations?hl=en&user=ZY4PL-MAAAAJ&pagesize=100
INFO:scholarly:Getting https://scholar.google.com/citations?hl=en&user=4nHDHMAAAAAJ&pagesize=100
INFO:scholarly:Getting https://scholar.google.com/citations?hl=en&user=eFbLBBkAAAAJ&pagesize=100
INFO:scholarly:Getting https://scholar.google.com/citations?hl=en&user=1vw8M4wAAAAJ&pagesize=100
INFO:scholarly:Getting https://scholar.google.com/citations?hl=en&user=J0ODNCYAAAAJ&pagesize=100
INFO:scholarly:Getting https://scholar.google.com/citations?hl=en&user=jIaZ9PsAAAAJ&pagesize=100
INFO:scholarly:Getting https://scholar.google.com/citations?hl=en&user=2-kA8-EAAAAJ&pagesize=100
INFO:scholarly:Getting https://scholar.google.com/citations?hl=en&user=HszoyNkAAAAJ&pagesize=100
INFO:scholarly:Getting https://scholar.google.com/citations?hl=en&user=hHA74iwAAAAJ&pagesize=100
INFO:scholarly:Getting https://scholar.google.com/citations?hl=en&user=BT3h7BEAAAAJ&pagesize=100
INFO:scholarly:Getting https://scholar.google.com/citations?hl=en&user=CVZLsk8AAAAJ&pagesize=100
INFO:scholarly:Getting https://scholar.google.com/citations?hl=en&user=Gb35ZpYAAAAJ&pagesize=100
INFO:scholarly:Getting https://scholar.google.com/citations?hl=en&user=QO6vb6AAAAAJ&pagesize=100
INFO:scholarly:Getting https://scholar.google.com/citations?hl=en&user=s9r-j7gAAAAJ&pagesize=100
INFO:scholarly:Getting https://scholar.google.com/citations?hl=en&user=3zYnZGEAAAAJ&pagesize=100
INFO:scholarly:Getting https://scholar.google.com/citations?hl=en&user=ulYIrvkAAAAJ&pagesize=100
INFO:scholarly:Getting https://scholar.google.com/citations?hl=en&user=ivUVCwgAAAAJ&pagesize=100
INFO:scholarly:Getting https://scholar.google.com/citations?hl=en&user=xVqWuS8AAAAJ&pagesize=100
INFO:scholarly:Getting https://scholar.google.com/citations?hl=en&user=mDb2qAIAAAAJ&pagesize=100
INFO:scholarly:Getting https://scholar.google.com/citations?hl=en&user=koz-AF0AAAAJ&pagesize=100
INFO:scholarly:Getting https://scholar.google.com/citations?hl=en&user=Zk-j4qsAAAAJ&pagesize=100
INFO:scholarly:Getting https://scholar.google.com/citations?hl=en&user=PlOudOMAAAAJ&pagesize=100
INFO:scholarly:Getting https://scholar.google.com/citations?hl=en&user=6H-2m0QAAAAJ&pagesize=100
INFO:scholarly:Getting https://scholar.google.com/citations?hl=en&user=ZufaPxsAAAAJ&pagesize=100
INFO:scholarly:Getting https://scholar.google.com/citations?hl=en&user=PFq1dsgAAAAJ&pagesize=100
INFO:scholarly:Getting https://scholar.google.com/citations?hl=en&user=8_MHSJgAAAAJ&pagesize=100
INFO:scholarly:Getting https://scholar.google.com/citations?hl=en&user=PyZwHxgAAAAJ&pagesize=100
INFO:scholarly:Getting https://scholar.google.com/citations?hl=en&user=eQcDs34AAAAJ&pagesize=100
INFO:scholarly:Getting https://scholar.google.com/citations?hl=en&user=STGvnMEAAAAJ&pagesize=100
INFO:scholarly:Getting https://scholar.google.com/citations?hl=en&user=1Yy-R3gAAAAJ&pagesize=100
INFO:scholarly:Getting https://scholar.google.com/citations?hl=en&user=ronwyG4AAAAJ&pagesize=100
INFO:scholarly:Getting https://scholar.google.com/citations?hl=en&user=cpCWZG0AAAAJ&pagesize=100
INFO:scholarly:Getting https://scholar.google.com/citations?hl=en&user=vosoMHcAAAAJ&pagesize=100
INFO:scholarly:Getting https://scholar.google.com/citations?hl=en&user=Y5oT-s8AAAAJ&pagesize=100
INFO:scholarly:Getting https://scholar.google.com/citations?hl=en&user=XAo9cJQAAAAJ&pagesize=100
INFO:scholarly:Getting https://scholar.google.com/citations?hl=en&user=PXrFkugAAAAJ&pagesize=100
INFO:scholarly:Getting https://scholar.google.com/citations?hl=en&user=92VQtDAAAAAJ&pagesize=100
INFO:scholarly:Getting https://scholar.google.com/citations?hl=en&user=CAKhjGQAAAAJ&pagesize=100
INFO:scholarly:Getting https://scholar.google.com/citations?hl=en&user=9cb-FrYAAAAJ&pagesize=100
INFO:scholarly:Getting https://scholar.google.com/citations?hl=en&user=VaCy7gMAAAAJ&pagesize=100
INFO:scholarly:Getting https://scholar.google.com/citations?hl=en&user=ZY4PL-MAAAAJ&pagesize=100
INFO:scholarly:Getting https://scholar.google.com/citations?hl=en&user=4nHDHMAAAAAJ&pagesize=100
INFO:scholarly:Getting https://scholar.google.com/citations?hl=en&user=eFbLBBkAAAAJ&pagesize=100
INFO:scholarly:Getting https://scholar.google.com/citations?hl=en&user=1vw8M4wAAAAJ&pagesize=100
INFO:scholarly:Getting https://scholar.google.com/citations?hl=en&user=J0ODNCYAAAAJ&pagesize=100
INFO:scholarly:Getting https://scholar.google.com/citations?hl=en&user=jIaZ9PsAAAAJ&pagesize=100
INFO:scholarly:Getting https://scholar.google.com/citations?hl=en&user=2-kA8-EAAAAJ&pagesize=100
INFO:scholarly:Getting https://scholar.google.com/citations?hl=en&user=HszoyNkAAAAJ&pagesize=100
INFO:scholarly:Getting https://scholar.google.com/citations?hl=en&user=hHA74iwAAAAJ&pagesize=100
INFO:scholarly:Getting https://scholar.google.com/citations?hl=en&user=BT3h7BEAAAAJ&pagesize=100
INFO:scholarly:Getting https://scholar.google.com/citations?hl=en&user=CVZLsk8AAAAJ&pagesize=100
INFO:scholarly:Getting https://scholar.google.com/citations?hl=en&user=Gb35ZpYAAAAJ&pagesize=100
INFO:scholarly:Getting https://scholar.google.com/citations?hl=en&user=QO6vb6AAAAAJ&pagesize=100
INFO:scholarly:Getting https://scholar.google.com/citations?hl=en&user=s9r-j7gAAAAJ&pagesize=100
INFO:scholarly:Getting https://scholar.google.com/citations?hl=en&user=3zYnZGEAAAAJ&pagesize=100
INFO:scholarly:Getting https://scholar.google.com/citations?hl=en&user=ulYIrvkAAAAJ&pagesize=100
INFO:scholarly:Getting https://scholar.google.com/citations?hl=en&user=ivUVCwgAAAAJ&pagesize=100
INFO:scholarly:Getting https://scholar.google.com/citations?hl=en&user=xVqWuS8AAAAJ&pagesize=100
INFO:scholarly:Getting https://scholar.google.com/citations?hl=en&user=mDb2qAIAAAAJ&pagesize=100
INFO:scholarly:Getting https://scholar.google.com/citations?hl=en&user=CAKhjGQAAAAJ&pagesize=100
INFO:scholarly:Getting https://scholar.google.com/citations?hl=en&user=9cb-FrYAAAAJ&pagesize=100
INFO:scholarly:Getting https://scholar.google.com/citations?hl=en&user=VaCy7gMAAAAJ&pagesize=100
INFO:scholarly:Getting https://scholar.google.com/citations?hl=en&user=ZY4PL-MAAAAJ&pagesize=100
INFO:scholarly:Getting https://scholar.google.com/citations?hl=en&user=4nHDHMAAAAAJ&pagesize=100
INFO:scholarly:Getting https://scholar.google.com/citations?hl=en&user=eFbLBBkAAAAJ&pagesize=100
INFO:scholarly:Getting https://scholar.google.com/citations?hl=en&user=1vw8M4wAAAAJ&pagesize=100
INFO:scholarly:Getting https://scholar.google.com/citations?hl=en&user=J0ODNCYAAAAJ&pagesize=100
INFO:scholarly:Getting https://scholar.google.com/citations?hl=en&user=jIaZ9PsAAAAJ&pagesize=100
INFO:scholarly:Getting https://scholar.google.com/citations?hl=en&user=2-kA8-EAAAAJ&pagesize=100
INFO:scholarly:Getting https://scholar.google.com/citations?hl=en&user=HszoyNkAAAAJ&pagesize=100
INFO:scholarly:Getting https://scholar.google.com/citations?hl=en&user=CAKhjGQAAAAJ&pagesize=100
INFO:scholarly:Getting https://scholar.google.com/citations?hl=en&user=9cb-FrYAAAAJ&pagesize=100
INFO:scholarly:Getting https://scholar.google.com/citations?hl=en&user=CAKhjGQAAAAJ&pagesize=100
INFO:scholarly:Getting https://scholar.google.com/citations?hl=en&user=9cb-FrYAAAAJ&pagesize=100
INFO:scholarly:Getting https://scholar.google.com/citations?hl=en&user=VaCy7gMAAAAJ&pagesize=100
INFO:scholarly:Getting https://scholar.google.com/citations?hl=en&user=ZY4PL-MAAAAJ&pagesize=100
INFO:scholarly:Getting https://scholar.google.com/citations?hl=en&user=4nHDHMAAAAAJ&pagesize=100
INFO:scholarly:Getting https://scholar.google.com/citations?hl=en&user=eFbLBBkAAAAJ&pagesize=100
INFO:scholarly:Getting https://scholar.google.com/citations?hl=en&user=1vw8M4wAAAAJ&pagesize=100
INFO:scholarly:Getting https://scholar.google.com/citations?hl=en&user=J0ODNCYAAAAJ&pagesize=100
INFO:scholarly:Getting https://scholar.google.com/citations?hl=en&user=jIaZ9PsAAAAJ&pagesize=100
INFO:scholarly:Getting https://scholar.google.com/citations?hl=en&user=2-kA8-EAAAAJ&pagesize=100
INFO:scholarly:Getting https://scholar.google.com/citations?hl=en&user=HszoyNkAAAAJ&pagesize=100
INFO:scholarly:Getting https://scholar.google.com/citations?hl=en&user=hHA74iwAAAAJ&pagesize=100
INFO:scholarly:Getting https://scholar.google.com/citations?hl=en&user=BT3h7BEAAAAJ&pagesize=100
INFO:scholarly:Getting https://scholar.google.com/citations?hl=en&user=CVZLsk8AAAAJ&pagesize=100
INFO:scholarly:Getting https://scholar.google.com/citations?hl=en&user=Gb35ZpYAAAAJ&pagesize=100
INFO:scholarly:Getting https://scholar.google.com/citations?hl=en&user=QO6vb6AAAAAJ&pagesize=100
INFO:scholarly:Getting https://scholar.google.com/citations?hl=en&user=s9r-j7gAAAAJ&pagesize=100
INFO:scholarly:Getting https://scholar.google.com/citations?hl=en&user=3zYnZGEAAAAJ&pagesize=100
INFO:scholarly:Getting https://scholar.google.com/citations?hl=en&user=ulYIrvkAAAAJ&pagesize=100
INFO:scholarly:Getting https://scholar.google.com/citations?hl=en&user=ivUVCwgAAAAJ&pagesize=100
INFO:scholarly:Getting https://scholar.google.com/citations?hl=en&user=xVqWuS8AAAAJ&pagesize=100
INFO:scholarly:Getting https://scholar.google.com/citations?hl=en&user=mDb2qAIAAAAJ&pagesize=100
INFO:scholarly:Getting https://scholar.google.com/citations?hl=en&user=koz-AF0AAAAJ&pagesize=100
INFO:scholarly:Getting https://scholar.google.com/citations?hl=en&user=Zk-j4qsAAAAJ&pagesize=100
INFO:scholarly:Getting https://scholar.google.com/citations?hl=en&user=PlOudOMAAAAJ&pagesize=100
INFO:scholarly:Getting https://scholar.google.com/citations?hl=en&user=6H-2m0QAAAAJ&pagesize=100
INFO:scholarly:Getting https://scholar.google.com/citations?hl=en&user=ZufaPxsAAAAJ&pagesize=100
INFO:scholarly:Getting https://scholar.google.com/citations?hl=en&user=PFq1dsgAAAAJ&pagesize=100
INFO:scholarly:Getting https://scholar.google.com/citations?hl=en&user=8_MHSJgAAAAJ&pagesize=100
INFO:scholarly:Getting https://scholar.google.com/citations?hl=en&user=PyZwHxgAAAAJ&pagesize=100
INFO:scholarly:Getting https://scholar.google.com/citations?hl=en&user=eQcDs34AAAAJ&pagesize=100
INFO:scholarly:Getting https://scholar.google.com/citations?hl=en&user=CAKhjGQAAAAJ&pagesize=100
INFO:scholarly:Getting https://scholar.google.com/citations?hl=en&user=9cb-FrYAAAAJ&pagesize=100
INFO:scholarly:Getting https://scholar.google.com/citations?hl=en&user=VaCy7gMAAAAJ&pagesize=100
INFO:scholarly:Getting https://scholar.google.com/citations?hl=en&user=ZY4PL-MAAAAJ&pagesize=100
INFO:scholarly:Getting https://scholar.google.com/citations?hl=en&user=4nHDHMAAAAAJ&pagesize=100
INFO:scholarly:Getting https://scholar.google.com/citations?hl=en&user=eFbLBBkAAAAJ&pagesize=100
INFO:scholarly:Getting https://scholar.google.com/citations?hl=en&user=1vw8M4wAAAAJ&pagesize=100
INFO:scholarly:Getting https://scholar.google.com/citations?hl=en&user=J0ODNCYAAAAJ&pagesize=100
INFO:scholarly:Getting https://scholar.google.com/citations?hl=en&user=jIaZ9PsAAAAJ&pagesize=100
INFO:scholarly:Getting https://scholar.google.com/citations?hl=en&user=2-kA8-EAAAAJ&pagesize=100
INFO:scholarly:Getting https://scholar.google.com/citations?hl=en&user=HszoyNkAAAAJ&pagesize=100
INFO:scholarly:Getting https://scholar.google.com/citations?hl=en&user=hHA74iwAAAAJ&pagesize=100
INFO:scholarly:Getting https://scholar.google.com/citations?hl=en&user=BT3h7BEAAAAJ&pagesize=100
INFO:scholarly:Getting https://scholar.google.com/citations?hl=en&user=CVZLsk8AAAAJ&pagesize=100
INFO:scholarly:Getting https://scholar.google.com/citations?hl=en&user=Gb35ZpYAAAAJ&pagesize=100
INFO:scholarly:Getting https://scholar.google.com/citations?hl=en&user=QO6vb6AAAAAJ&pagesize=100
INFO:scholarly:Getting https://scholar.google.com/citations?hl=en&user=s9r-j7gAAAAJ&pagesize=100
INFO:scholarly:Getting https://scholar.google.com/citations?hl=en&user=3zYnZGEAAAAJ&pagesize=100
INFO:scholarly:Getting https://scholar.google.com/citations?hl=en&user=ulYIrvkAAAAJ&pagesize=100
INFO:scholarly:Getting https://scholar.google.com/citations?hl=en&user=ivUVCwgAAAAJ&pagesize=100
INFO:scholarly:Getting https://scholar.google.com/citations?hl=en&user=xVqWuS8AAAAJ&pagesize=100
INFO:scholarly:Getting https://scholar.google.com/citations?hl=en&user=mDb2qAIAAAAJ&pagesize=100
INFO:scholarly:Getting https://scholar.google.com/citations?hl=en&user=koz-AF0AAAAJ&pagesize=100
INFO:scholarly:Getting https://scholar.google.com/citations?hl=en&user=Zk-j4qsAAAAJ&pagesize=100
INFO:scholarly:Getting https://scholar.google.com/citations?hl=en&user=PlOudOMAAAAJ&pagesize=100
INFO:scholarly:Getting https://scholar.google.com/citations?hl=en&user=6H-2m0QAAAAJ&pagesize=100
INFO:scholarly:Getting https://scholar.google.com/citations?hl=en&user=ZufaPxsAAAAJ&pagesize=100
INFO:scholarly:Getting https://scholar.google.com/citations?hl=en&user=PFq1dsgAAAAJ&pagesize=100
INFO:scholarly:Getting https://scholar.google.com/citations?hl=en&user=8_MHSJgAAAAJ&pagesize=100
INFO:scholarly:Getting https://scholar.google.com/citations?hl=en&user=PyZwHxgAAAAJ&pagesize=100
INFO:scholarly:Getting https://scholar.google.com/citations?hl=en&user=eQcDs34AAAAJ&pagesize=100
INFO:scholarly:Getting https://scholar.google.com/citations?hl=en&user=STGvnMEAAAAJ&pagesize=100
INFO:scholarly:Getting https://scholar.google.com/citations?hl=en&user=CAKhjGQAAAAJ&pagesize=100
INFO:scholarly:Getting https://scholar.google.com/citations?hl=en&user=9cb-FrYAAAAJ&pagesize=100
INFO:scholarly:Getting https://scholar.google.com/citations?hl=en&user=VaCy7gMAAAAJ&pagesize=100
INFO:scholarly:Getting https://scholar.google.com/citations?hl=en&user=ZY4PL-MAAAAJ&pagesize=100
INFO:scholarly:Getting https://scholar.google.com/citations?hl=en&user=4nHDHMAAAAAJ&pagesize=100
INFO:scholarly:Getting https://scholar.google.com/citations?hl=en&user=eFbLBBkAAAAJ&pagesize=100
INFO:scholarly:Getting https://scholar.google.com/citations?hl=en&user=1vw8M4wAAAAJ&pagesize=100
INFO:scholarly:Getting https://scholar.google.com/citations?hl=en&user=J0ODNCYAAAAJ&pagesize=100
INFO:scholarly:Getting https://scholar.google.com/citations?hl=en&user=jIaZ9PsAAAAJ&pagesize=100
INFO:scholarly:Getting https://scholar.google.com/citations?hl=en&user=2-kA8-EAAAAJ&pagesize=100
INFO:scholarly:Getting https://scholar.google.com/citations?hl=en&user=HszoyNkAAAAJ&pagesize=100
INFO:scholarly:Getting https://scholar.google.com/citations?hl=en&user=hHA74iwAAAAJ&pagesize=100
INFO:scholarly:Getting https://scholar.google.com/citations?hl=en&user=BT3h7BEAAAAJ&pagesize=100
INFO:scholarly:Getting https://scholar.google.com/citations?hl=en&user=CVZLsk8AAAAJ&pagesize=100
INFO:scholarly:Getting https://scholar.google.com/citations?hl=en&user=Gb35ZpYAAAAJ&pagesize=100
INFO:scholarly:Getting https://scholar.google.com/citations?hl=en&user=QO6vb6AAAAAJ&pagesize=100
INFO:scholarly:Getting https://scholar.google.com/citations?hl=en&user=s9r-j7gAAAAJ&pagesize=100
INFO:scholarly:Getting https://scholar.google.com/citations?hl=en&user=3zYnZGEAAAAJ&pagesize=100
INFO:scholarly:Getting https://scholar.google.com/citations?hl=en&user=ulYIrvkAAAAJ&pagesize=100
INFO:scholarly:Getting https://scholar.google.com/citations?hl=en&user=ivUVCwgAAAAJ&pagesize=100
INFO:scholarly:Getting https://scholar.google.com/citations?hl=en&user=xVqWuS8AAAAJ&pagesize=100
INFO:scholarly:Exception ConnectionError while fetching page: (ReadTimeoutError("HTTPSConnectionPool(host='scholar.google.com', port=443): Read timed out."),)
INFO:scholarly:Retrying with a new session.
INFO:scholarly:Getting https://scholar.google.com/citations?hl=en&user=mDb2qAIAAAAJ&pagesize=100
INFO:scholarly:Getting https://scholar.google.com/citations?hl=en&user=koz-AF0AAAAJ&pagesize=100
INFO:scholarly:Getting https://scholar.google.com/citations?hl=en&user=Zk-j4qsAAAAJ&pagesize=100
INFO:scholarly:Getting https://scholar.google.com/citations?hl=en&user=PlOudOMAAAAJ&pagesize=100
INFO:scholarly:Getting https://scholar.google.com/citations?hl=en&user=6H-2m0QAAAAJ&pagesize=100
INFO:scholarly:Getting https://scholar.google.com/citations?hl=en&user=ZufaPxsAAAAJ&pagesize=100
INFO:scholarly:Getting https://scholar.google.com/citations?hl=en&user=PFq1dsgAAAAJ&pagesize=100
INFO:scholarly:Getting https://scholar.google.com/citations?hl=en&user=8_MHSJgAAAAJ&pagesize=100
INFO:scholarly:Getting https://scholar.google.com/citations?hl=en&user=PyZwHxgAAAAJ&pagesize=100
INFO:scholarly:Getting https://scholar.google.com/citations?hl=en&user=eQcDs34AAAAJ&pagesize=100
INFO:scholarly:Getting https://scholar.google.com/citations?hl=en&user=STGvnMEAAAAJ&pagesize=100
INFO:scholarly:Getting https://scholar.google.com/citations?hl=en&user=1Yy-R3gAAAAJ&pagesize=100
INFO:scholarly:Getting https://scholar.google.com/citations?hl=en&user=ronwyG4AAAAJ&pagesize=100
INFO:scholarly:Getting https://scholar.google.com/citations?hl=en&user=cpCWZG0AAAAJ&pagesize=100
INFO:scholarly:Getting https://scholar.google.com/citations?hl=en&user=vosoMHcAAAAJ&pagesize=100
INFO:scholarly:Getting https://scholar.google.com/citations?hl=en&user=Y5oT-s8AAAAJ&pagesize=100
INFO:scholarly:Getting https://scholar.google.com/citations?hl=en&user=XAo9cJQAAAAJ&pagesize=100
INFO:scholarly:Getting https://scholar.google.com/citations?hl=en&user=PXrFkugAAAAJ&pagesize=100
INFO:scholarly:Getting https://scholar.google.com/citations?hl=en&user=92VQtDAAAAAJ&pagesize=100
INFO:scholarly:Getting https://scholar.google.com/citations?hl=en&user=O-F0bVYAAAAJ&pagesize=100
INFO:scholarly:Getting https://scholar.google.com/citations?hl=en&user=MyfXzJoAAAAJ&pagesize=100
INFO:scholarly:Getting https://scholar.google.com/citations?hl=en&user=_51twbEAAAAJ&pagesize=100
INFO:scholarly:Getting https://scholar.google.com/citations?hl=en&user=4P-wWXkAAAAJ&pagesize=100
INFO:scholarly:Getting https://scholar.google.com/citations?hl=en&user=5RUBrkoAAAAJ&pagesize=100
INFO:scholarly:Getting https://scholar.google.com/citations?hl=en&user=_B9QE30AAAAJ&pagesize=100
INFO:scholarly:Getting https://scholar.google.com/citations?hl=en&user=rjDzsk0AAAAJ&pagesize=100
INFO:scholarly:Getting https://scholar.google.com/citations?hl=en&user=OWdFhf8AAAAJ&pagesize=100
INFO:scholarly:Getting https://scholar.google.com/citations?hl=en&user=U3GnIfwAAAAJ&pagesize=100
INFO:scholarly:Getting https://scholar.google.com/citations?hl=en&user=KTQ1jxcAAAAJ&pagesize=100
INFO:scholarly:Getting https://scholar.google.com/citations?hl=en&user=Qa7Aym4AAAAJ&pagesize=100
INFO:scholarly:Getting https://scholar.google.com/citations?hl=en&user=wEfsfHcAAAAJ&pagesize=100
INFO:scholarly:Getting https://scholar.google.com/citations?hl=en&user=Ohp2sckAAAAJ&pagesize=100
INFO:scholarly:Getting https://scholar.google.com/citations?hl=en&user=yUDezXIAAAAJ&pagesize=100
INFO:scholarly:Getting https://scholar.google.com/citations?hl=en&user=XrrRVwMAAAAJ&pagesize=100
INFO:scholarly:Getting https://scholar.google.com/citations?hl=en&user=Iq3Dn5IAAAAJ&pagesize=100
INFO:scholarly:Getting https://scholar.google.com/citations?hl=en&user=OK2mSEcAAAAJ&pagesize=100
INFO:scholarly:Getting https://scholar.google.com/citations?hl=en&user=PJE0YhIAAAAJ&pagesize=100
INFO:scholarly:Getting https://scholar.google.com/citations?hl=en&user=_YyRorYAAAAJ&pagesize=100
INFO:scholarly:Getting https://scholar.google.com/citations?hl=en&user=Asz9fNIAAAAJ&pagesize=100
INFO:scholarly:Getting https://scholar.google.com/citations?hl=en&user=UGI1o4gAAAAJ&pagesize=100
INFO:scholarly:Getting https://scholar.google.com/citations?hl=en&user=XyWl1T8AAAAJ&pagesize=100
INFO:scholarly:Getting https://scholar.google.com/citations?hl=en&user=K_iSsRgAAAAJ&pagesize=100
INFO:scholarly:Getting https://scholar.google.com/citations?hl=en&user=jDRUHaIAAAAJ&pagesize=100
INFO:scholarly:Getting https://scholar.google.com/citations?hl=en&user=KhniSJAAAAAJ&pagesize=100
INFO:scholarly:Getting https://scholar.google.com/citations?hl=en&user=b1aAxw4AAAAJ&pagesize=100
INFO:scholarly:Getting https://scholar.google.com/citations?hl=en&user=2dm0LNAAAAAJ&pagesize=100
INFO:scholarly:Getting https://scholar.google.com/citations?hl=en&user=V38YSagAAAAJ&pagesize=100
INFO:scholarly:Getting https://scholar.google.com/citations?hl=en&user=2yHAwZ8AAAAJ&pagesize=100
INFO:scholarly:Getting https://scholar.google.com/citations?hl=en&user=gepOL4oAAAAJ&pagesize=100
INFO:scholarly:Getting https://scholar.google.com/citations?hl=en&user=B9deLXMAAAAJ&pagesize=100
INFO:scholarly:Getting https://scholar.google.com/citations?hl=en&user=HySpsrAAAAAJ&pagesize=100
INFO:scholarly:Getting https://scholar.google.com/citations?hl=en&user=20Pjt5sAAAAJ&pagesize=100
INFO:scholarly:Getting https://scholar.google.com/citations?hl=en&user=w60v5ysAAAAJ&pagesize=100
INFO:scholarly:Getting https://scholar.google.com/citations?hl=en&user=0IUqwZsAAAAJ&pagesize=100
INFO:scholarly:Getting https://scholar.google.com/citations?hl=en&user=4PvfTloAAAAJ&pagesize=100
INFO:scholarly:Getting https://scholar.google.com/citations?hl=en&user=-4jWdGoAAAAJ&pagesize=100
INFO:scholarly:Getting https://scholar.google.com/citations?hl=en&user=UPaNk6oAAAAJ&pagesize=100
INFO:scholarly:Getting https://scholar.google.com/citations?hl=en&user=ptiY9QgAAAAJ&pagesize=100
INFO:scholarly:Getting https://scholar.google.com/citations?hl=en&user=r7k8uwIAAAAJ&pagesize=100
INFO:scholarly:Getting https://scholar.google.com/citations?hl=en&user=XT1RXCUAAAAJ&pagesize=100
INFO:scholarly:Getting https://scholar.google.com/citations?hl=en&user=eNskzrYAAAAJ&pagesize=100
INFO:scholarly:Getting https://scholar.google.com/citations?hl=en&user=6YCpCt0AAAAJ&pagesize=100
INFO:scholarly:Getting https://scholar.google.com/citations?hl=en&user=-4uWEIUAAAAJ&pagesize=100
INFO:scholarly:Getting https://scholar.google.com/citations?hl=en&user=biTJ204AAAAJ&pagesize=100
INFO:scholarly:Getting https://scholar.google.com/citations?hl=en&user=nnv32mYAAAAJ&pagesize=100
INFO:scholarly:Getting https://scholar.google.com/citations?hl=en&user=abKR3GwAAAAJ&pagesize=100
INFO:scholarly:Getting https://scholar.google.com/citations?hl=en&user=JyVhV2AAAAAJ&pagesize=100
INFO:scholarly:Getting https://scholar.google.com/citations?hl=en&user=izOvs7MAAAAJ&pagesize=100
INFO:scholarly:Getting https://scholar.google.com/citations?hl=en&user=0XRuWvQAAAAJ&pagesize=100
INFO:scholarly:Getting https://scholar.google.com/citations?hl=en&user=Ee56JvYAAAAJ&pagesize=100
INFO:scholarly:Getting https://scholar.google.com/citations?hl=en&user=1dlsM_cAAAAJ&pagesize=100
INFO:scholarly:Getting https://scholar.google.com/citations?hl=en&user=Exr223wAAAAJ&pagesize=100
INFO:scholarly:Getting https://scholar.google.com/citations?hl=en&user=9V7nXREAAAAJ&pagesize=100
INFO:scholarly:Getting https://scholar.google.com/citations?hl=en&user=dH_hkssAAAAJ&pagesize=100
